#
# A fatal error has been detected by the Java Runtime Environment:
#
#  SIGSEGV (0xb) at pc=0x000000010c0f3f78, pid=44230, tid=0x0000000000004303
#
# JRE version: Java(TM) SE Runtime Environment (8.0_92-b14) (build 1.8.0_92-b14)
# Java VM: Java HotSpot(TM) 64-Bit Server VM (25.92-b14 mixed mode bsd-amd64 compressed oops)
# Problematic frame:
# V  [libjvm.dylib+0x448f78]  Method::checked_resolve_jmethod_id(_jmethodID*)+0xe
#
# Failed to write core dump. Core dumps have been disabled. To enable core dumping, try "ulimit -c unlimited" before starting Java again
#
# If you would like to submit a bug report, please visit:
#   http://bugreport.java.com/bugreport/crash.jsp
#

---------------  T H R E A D  ---------------

Current thread (0x00007f9884022800):  JavaThread "JDWP Transport Listener: dt_socket" daemon [_thread_in_vm, id=17155, stack(0x0000700007c94000,0x0000700007d94000)]

siginfo: si_signo: 11 (SIGSEGV), si_code: 0 (unknown), si_addr: 0x0000000000000000

Registers:
RAX=0x0000000000000001, RBX=0x0000700007d93a8b, RCX=0x000000010c4c5360, RDX=0x0000700007d93a8b
RSP=0x0000700007d939d0, RBP=0x0000700007d939e0, RSI=0x00007f9884022800, RDI=0x0008000000000000
R8 =0x0000000000000000, R9 =0x00007f9883f4f650, R10=0x0000000000000001, R11=0x0000000000000001
R12=0x00007f9884022800, R13=0x0008000000000000, R14=0x0008000000000000, R15=0x00007f9883e01b90
RIP=0x000000010c0f3f78, EFLAGS=0x0000000000010206, ERR=0x0000000000000000
  TRAPNO=0x000000000000000d

Top of Stack: (sp=0x0000700007d939d0)
0x0000700007d939d0:   0000700007d93a8b 0000700007d93a8b
0x0000700007d939e0:   0000700007d93a40 000000010c002e66
0x0000700007d939f0:   00007f9884022800 0000000000000000
0x0000700007d93a00:   0000000000000000 0000000000000000
0x0000700007d93a10:   00007f9884022800 00007f9884022800
0x0000700007d93a20:   0000700007d93a8b 0000700007d93a90
0x0000700007d93a30:   0008000000000000 000000000000000f
0x0000700007d93a40:   0000700007d93a60 000000010af83780
0x0000700007d93a50:   0000000000000001 0000700007d93b08
0x0000700007d93a60:   0000700007d93ad0 000000010af681f3
0x0000700007d93a70:   0000700007d93aa0 00007f9883f4f490
0x0000700007d93a80:   0000001000000032 f000104101d93b08
0x0000700007d93a90:   0000000000000000 0000000000000000
0x0000700007d93aa0:   0000000000000000 0000700007d93c90
0x0000700007d93ab0:   000000010af8ae7a 00007f9883d55e50
0x0000700007d93ac0:   0000700007d93b08 000000010af96598
0x0000700007d93ad0:   0000700007d93ae0 000000010af682ec
0x0000700007d93ae0:   0000700007d93d00 000000010af71898
0x0000700007d93af0:   0000529a00000013 00000000000f0200
0x0000700007d93b00:   00007f9883d53d40 00007f988592c11e
0x0000700007d93b10:   00007f9800000842 00007f9883f4f5a0
0x0000700007d93b20:   00007f980000012c 0000700007d93b58
0x0000700007d93b30:   00007f9883f4f000 0000000000000000
0x0000700007d93b40:   0000529a0000095d 00007f9800004a80
0x0000700007d93b50:   0000000000000000 987f000010000000
0x0000700007d93b60:   060000008802c383 00003e74696e693c
0x0000700007d93b70:   6176616a4c282500 694c2f6c6974752f
0x0000700007d93b80:   6176616a4c3b7473 74532f676e616c2f
0x0000700007d93b90:   0056293b676e6972 76616a4c28390000
0x0000700007d93ba0:   4c2f6c6974752f61 76616a4c3c747369
0x0000700007d93bb0:   532f676e616c2f61 3b3e3b676e697274
0x0000700007d93bc0:   616c2f6176616a4c 6e697274532f676e 

Instructions: (pc=0x000000010c0f3f78)
0x000000010c0f3f58:   40 48 48 85 c0 75 e0 30 c0 0f b6 c0 5d c3 31 c0
0x000000010c0f3f68:   5d c3 55 48 89 e5 53 48 83 ec 08 48 85 ff 74 24
0x000000010c0f3f78:   48 8b 1f 48 85 db 74 1c 48 83 fb 37 74 16 48 8b
0x000000010c0f3f88:   03 48 89 df ff 50 10 84 c0 b8 00 00 00 00 48 0f 

Register to memory mapping:

RAX=0x0000000000000001 is an unknown value
RBX=0x0000700007d93a8b is pointing into the stack for thread: 0x00007f9884022800
RCX=0x000000010c4c5360: UseMembar+0 in /Library/Java/JavaVirtualMachines/jdk1.8.0_92.jdk/Contents/Home/jre/lib/server/libjvm.dylib at 0x000000010bcab000
RDX=0x0000700007d93a8b is pointing into the stack for thread: 0x00007f9884022800
RSP=0x0000700007d939d0 is pointing into the stack for thread: 0x00007f9884022800
RBP=0x0000700007d939e0 is pointing into the stack for thread: 0x00007f9884022800
RSI=0x00007f9884022800 is a thread
RDI=0x0008000000000000 is an unknown value
R8 =0x0000000000000000 is an unknown value
R9 =0x00007f9883f4f650 is an unknown value
R10=0x0000000000000001 is an unknown value
R11=0x0000000000000001 is an unknown value
R12=0x00007f9884022800 is a thread
R13=0x0008000000000000 is an unknown value
R14=0x0008000000000000 is an unknown value
R15=0x00007f9883e01b90 is an unknown value


Stack: [0x0000700007c94000,0x0000700007d94000],  sp=0x0000700007d939d0,  free space=1022k
Native frames: (J=compiled Java code, j=interpreted, Vv=VM code, C=native code)
V  [libjvm.dylib+0x448f78]  Method::checked_resolve_jmethod_id(_jmethodID*)+0xe
V  [libjvm.dylib+0x357e66]  jvmti_IsMethodSynthetic+0xb2
C  [libjdwp.dylib+0x20780]  isMethodSynthetic+0x63
C  [libjdwp.dylib+0x51f3]  methods1+0x10b
C  [libjdwp.dylib+0x52ec]  methodsWithGeneric+0xe
C  [libjdwp.dylib+0xe898]  debugLoop_run+0x1ce
C  [libjdwp.dylib+0x1f6ba]  attachThread+0x4d
V  [libjvm.dylib+0x3991cc]  JvmtiAgentThread::call_start_function()+0x38
V  [libjvm.dylib+0x564c57]  JavaThread::thread_main_inner()+0x9b
V  [libjvm.dylib+0x566344]  JavaThread::run()+0x1c2
V  [libjvm.dylib+0x485bbe]  java_start(Thread*)+0xf6
C  [libsystem_pthread.dylib+0x3aab]  _pthread_body+0xb4
C  [libsystem_pthread.dylib+0x39f7]  _pthread_body+0x0
C  [libsystem_pthread.dylib+0x3221]  thread_start+0xd
C  0x0000000000000000


---------------  P R O C E S S  ---------------

Java Threads: ( => current thread )
  0x00007f9885815800 JavaThread "Service Thread" daemon [_thread_blocked, id=20227, stack(0x00007000082a6000,0x00007000083a6000)]
  0x00007f9885056000 JavaThread "C1 CompilerThread2" daemon [_thread_blocked, id=19715, stack(0x00007000081a3000,0x00007000082a3000)]
  0x00007f988402d000 JavaThread "C2 CompilerThread1" daemon [_thread_blocked, id=19203, stack(0x00007000080a0000,0x00007000081a0000)]
  0x00007f988402b000 JavaThread "C2 CompilerThread0" daemon [_thread_blocked, id=18691, stack(0x0000700007f9d000,0x000070000809d000)]
  0x00007f9884009800 JavaThread "JDWP Command Reader" daemon [_thread_in_native, id=18179, stack(0x0000700007e9a000,0x0000700007f9a000)]
  0x00007f9884021800 JavaThread "JDWP Event Helper Thread" daemon [_thread_blocked, id=17667, stack(0x0000700007d97000,0x0000700007e97000)]
=>0x00007f9884022800 JavaThread "JDWP Transport Listener: dt_socket" daemon [_thread_in_vm, id=17155, stack(0x0000700007c94000,0x0000700007d94000)]
  0x00007f9884008800 JavaThread "Signal Dispatcher" daemon [_thread_blocked, id=16643, stack(0x0000700007b91000,0x0000700007c91000)]
  0x00007f9885039000 JavaThread "Finalizer" daemon [_thread_blocked, id=12547, stack(0x0000700007a8e000,0x0000700007b8e000)]
  0x00007f9885036000 JavaThread "Reference Handler" daemon [_thread_blocked, id=12035, stack(0x000070000798b000,0x0000700007a8b000)]
  0x00007f9885801800 JavaThread "main" [_thread_blocked, id=7171, stack(0x0000700007379000,0x0000700007479000)]

Other Threads:
  0x00007f988480c000 VMThread [stack: 0x0000700007888000,0x0000700007988000] [id=11523]
  0x00007f9885057000 WatcherThread [stack: 0x00007000083a9000,0x00007000084a9000] [id=20739]

VM state:not at safepoint (normal execution)

VM Mutex/Monitor currently owned by a thread: None

Heap:
 PSYoungGen      total 139264K, used 50813K [0x0000000795580000, 0x000000079e480000, 0x00000007c0000000)
  eden space 133120K, 34% used [0x0000000795580000,0x00000007982311d8,0x000000079d780000)
  from space 6144K, 82% used [0x000000079de80000,0x000000079e36e590,0x000000079e480000)
  to   space 6656K, 0% used [0x000000079d780000,0x000000079d780000,0x000000079de00000)
 ParOldGen       total 87552K, used 1922K [0x0000000740000000, 0x0000000745580000, 0x0000000795580000)
  object space 87552K, 2% used [0x0000000740000000,0x00000007401e0bc8,0x0000000745580000)
 Metaspace       used 8668K, capacity 8904K, committed 8960K, reserved 1056768K
  class space    used 901K, capacity 994K, committed 1024K, reserved 1048576K

Card table byte_map: [0x000000011bc42000,0x000000011c043000] byte_map_base: 0x0000000118242000

Marking Bits: (ParMarkBitMap*) 0x000000010c593bd0
 Begin Bits: [0x000000011c2ee000, 0x000000011e2ee000)
 End Bits:   [0x000000011e2ee000, 0x00000001202ee000)

Polling page: 0x000000010af62000

CodeCache: size=245760Kb used=3660Kb max_used=4285Kb free=242099Kb
 bounds [0x000000010cc42000, 0x000000010d082000, 0x000000011bc42000]
 total_blobs=1308 nmethods=1003 adapters=227
 compilation: enabled

Compilation events (10 events):
Event: 14.546 Thread 0x00007f9885056000 nmethod 1208 0x000000010cf2cad0 code [0x000000010cf2cc40, 0x000000010cf2cdd0]
Event: 14.549 Thread 0x00007f9885056000 1209       3       org.mp.naumann.algorithms.fd.structures.FDTreeElement::getLevel (100 bytes)
Event: 14.561 Thread 0x00007f9885056000 nmethod 1209 0x000000010ce7cd90 code [0x000000010ce7cfe0, 0x000000010ce7dc68]
Event: 14.561 Thread 0x00007f9885056000 1210       1       org.mp.naumann.algorithms.fd.incremental.CardinalitySet::getDepth (5 bytes)
Event: 14.561 Thread 0x00007f9885056000 nmethod 1210 0x000000010cea2350 code [0x000000010cea24a0, 0x000000010cea25b0]
Event: 14.911 Thread 0x00007f988402b000 nmethod 1139 0x000000010cece4d0 code [0x000000010cece960, 0x000000010ced4390]
Event: 1845.800 Thread 0x00007f988402b000 1211       4       java.util.Arrays::copyOf (46 bytes)
Event: 1845.807 Thread 0x00007f988402b000 nmethod 1211 0x000000010cea5310 code [0x000000010cea5480, 0x000000010cea58f8]
Event: 1956.829 Thread 0x00007f9885056000 1212       3       java.util.TreeMap::successor (66 bytes)
Event: 1956.830 Thread 0x00007f9885056000 nmethod 1212 0x000000010cde3850 code [0x000000010cde39e0, 0x000000010cde3d70]

GC Heap History (10 events):
Event: 1.546 GC heap before
{Heap before GC invocations=2 (full 0):
 PSYoungGen      total 38400K, used 36606K [0x0000000795580000, 0x0000000798000000, 0x00000007c0000000)
  eden space 33280K, 100% used [0x0000000795580000,0x0000000797600000,0x0000000797600000)
  from space 5120K, 64% used [0x0000000797600000,0x000000079793f858,0x0000000797b00000)
  to   space 5120K, 0% used [0x0000000797b00000,0x0000000797b00000,0x0000000798000000)
 ParOldGen       total 87552K, used 16K [0x0000000740000000, 0x0000000745580000, 0x0000000795580000)
  object space 87552K, 0% used [0x0000000740000000,0x0000000740004000,0x0000000745580000)
 Metaspace       used 7404K, capacity 7590K, committed 7808K, reserved 1056768K
  class space    used 788K, capacity 883K, committed 896K, reserved 1048576K
Event: 1.550 GC heap after
Heap after GC invocations=2 (full 0):
 PSYoungGen      total 38400K, used 4480K [0x0000000795580000, 0x000000079a080000, 0x00000007c0000000)
  eden space 33280K, 0% used [0x0000000795580000,0x0000000795580000,0x0000000797600000)
  from space 5120K, 87% used [0x0000000797b00000,0x0000000797f60130,0x0000000798000000)
  to   space 5120K, 0% used [0x0000000797600000,0x0000000797600000,0x0000000797b00000)
 ParOldGen       total 87552K, used 24K [0x0000000740000000, 0x0000000745580000, 0x0000000795580000)
  object space 87552K, 0% used [0x0000000740000000,0x0000000740006000,0x0000000745580000)
 Metaspace       used 7404K, capacity 7590K, committed 7808K, reserved 1056768K
  class space    used 788K, capacity 883K, committed 896K, reserved 1048576K
}
Event: 2.017 GC heap before
{Heap before GC invocations=3 (full 0):
 PSYoungGen      total 38400K, used 37760K [0x0000000795580000, 0x000000079a080000, 0x00000007c0000000)
  eden space 33280K, 100% used [0x0000000795580000,0x0000000797600000,0x0000000797600000)
  from space 5120K, 87% used [0x0000000797b00000,0x0000000797f60130,0x0000000798000000)
  to   space 5120K, 0% used [0x0000000797600000,0x0000000797600000,0x0000000797b00000)
 ParOldGen       total 87552K, used 24K [0x0000000740000000, 0x0000000745580000, 0x0000000795580000)
  object space 87552K, 0% used [0x0000000740000000,0x0000000740006000,0x0000000745580000)
 Metaspace       used 7832K, capacity 8040K, committed 8192K, reserved 1056768K
  class space    used 836K, capacity 922K, committed 1024K, reserved 1048576K
Event: 2.033 GC heap after
Heap after GC invocations=3 (full 0):
 PSYoungGen      total 38400K, used 5116K [0x0000000795580000, 0x000000079a080000, 0x00000007c0000000)
  eden space 33280K, 0% used [0x0000000795580000,0x0000000795580000,0x0000000797600000)
  from space 5120K, 99% used [0x0000000797600000,0x0000000797aff200,0x0000000797b00000)
  to   space 5120K, 0% used [0x0000000799b80000,0x0000000799b80000,0x000000079a080000)
 ParOldGen       total 87552K, used 1781K [0x0000000740000000, 0x0000000745580000, 0x0000000795580000)
  object space 87552K, 2% used [0x0000000740000000,0x00000007401bd7f0,0x0000000745580000)
 Metaspace       used 7832K, capacity 8040K, committed 8192K, reserved 1056768K
  class space    used 836K, capacity 922K, committed 1024K, reserved 1048576K
}
Event: 2.259 GC heap before
{Heap before GC invocations=4 (full 0):
 PSYoungGen      total 38400K, used 38396K [0x0000000795580000, 0x000000079a080000, 0x00000007c0000000)
  eden space 33280K, 100% used [0x0000000795580000,0x0000000797600000,0x0000000797600000)
  from space 5120K, 99% used [0x0000000797600000,0x0000000797aff200,0x0000000797b00000)
  to   space 5120K, 0% used [0x0000000799b80000,0x0000000799b80000,0x000000079a080000)
 ParOldGen       total 87552K, used 1781K [0x0000000740000000, 0x0000000745580000, 0x0000000795580000)
  object space 87552K, 2% used [0x0000000740000000,0x00000007401bd7f0,0x0000000745580000)
 Metaspace       used 7839K, capacity 8040K, committed 8192K, reserved 1056768K
  class space    used 836K, capacity 922K, committed 1024K, reserved 1048576K
Event: 2.266 GC heap after
Heap after GC invocations=4 (full 0):
 PSYoungGen      total 71680K, used 5100K [0x0000000795580000, 0x000000079a080000, 0x00000007c0000000)
  eden space 66560K, 0% used [0x0000000795580000,0x0000000795580000,0x0000000799680000)
  from space 5120K, 99% used [0x0000000799b80000,0x000000079a07b230,0x000000079a080000)
  to   space 5120K, 0% used [0x0000000799680000,0x0000000799680000,0x0000000799b80000)
 ParOldGen       total 87552K, used 1821K [0x0000000740000000, 0x0000000745580000, 0x0000000795580000)
  object space 87552K, 2% used [0x0000000740000000,0x00000007401c77f0,0x0000000745580000)
 Metaspace       used 7839K, capacity 8040K, committed 8192K, reserved 1056768K
  class space    used 836K, capacity 922K, committed 1024K, reserved 1048576K
}
Event: 2.459 GC heap before
{Heap before GC invocations=5 (full 0):
 PSYoungGen      total 71680K, used 71660K [0x0000000795580000, 0x000000079a080000, 0x00000007c0000000)
  eden space 66560K, 100% used [0x0000000795580000,0x0000000799680000,0x0000000799680000)
  from space 5120K, 99% used [0x0000000799b80000,0x000000079a07b230,0x000000079a080000)
  to   space 5120K, 0% used [0x0000000799680000,0x0000000799680000,0x0000000799b80000)
 ParOldGen       total 87552K, used 1821K [0x0000000740000000, 0x0000000745580000, 0x0000000795580000)
  object space 87552K, 2% used [0x0000000740000000,0x00000007401c77f0,0x0000000745580000)
 Metaspace       used 7934K, capacity 8104K, committed 8448K, reserved 1056768K
  class space    used 846K, capacity 922K, committed 1024K, reserved 1048576K
Event: 2.469 GC heap after
Heap after GC invocations=5 (full 0):
 PSYoungGen      total 71680K, used 5100K [0x0000000795580000, 0x000000079e580000, 0x00000007c0000000)
  eden space 66560K, 0% used [0x0000000795580000,0x0000000795580000,0x0000000799680000)
  from space 5120K, 99% used [0x0000000799680000,0x0000000799b7b1f0,0x0000000799b80000)
  to   space 7168K, 0% used [0x000000079de80000,0x000000079de80000,0x000000079e580000)
 ParOldGen       total 87552K, used 1914K [0x0000000740000000, 0x0000000745580000, 0x0000000795580000)
  object space 87552K, 2% used [0x0000000740000000,0x00000007401debc8,0x0000000745580000)
 Metaspace       used 7934K, capacity 8104K, committed 8448K, reserved 1056768K
  class space    used 846K, capacity 922K, committed 1024K, reserved 1048576K
}
Event: 14.282 GC heap before
{Heap before GC invocations=6 (full 0):
 PSYoungGen      total 71680K, used 71660K [0x0000000795580000, 0x000000079e580000, 0x00000007c0000000)
  eden space 66560K, 100% used [0x0000000795580000,0x0000000799680000,0x0000000799680000)
  from space 5120K, 99% used [0x0000000799680000,0x0000000799b7b1f0,0x0000000799b80000)
  to   space 7168K, 0% used [0x000000079de80000,0x000000079de80000,0x000000079e580000)
 ParOldGen       total 87552K, used 1914K [0x0000000740000000, 0x0000000745580000, 0x0000000795580000)
  object space 87552K, 2% used [0x0000000740000000,0x00000007401debc8,0x0000000745580000)
 Metaspace       used 8231K, capacity 8488K, committed 8704K, reserved 1056768K
  class space    used 880K, capacity 962K, committed 1024K, reserved 1048576K
Event: 14.293 GC heap after
Heap after GC invocations=6 (full 0):
 PSYoungGen      total 139264K, used 5049K [0x0000000795580000, 0x000000079e480000, 0x00000007c0000000)
  eden space 133120K, 0% used [0x0000000795580000,0x0000000795580000,0x000000079d780000)
  from space 6144K, 82% used [0x000000079de80000,0x000000079e36e590,0x000000079e480000)
  to   space 6656K, 0% used [0x000000079d780000,0x000000079d780000,0x000000079de00000)
 ParOldGen       total 87552K, used 1922K [0x0000000740000000, 0x0000000745580000, 0x0000000795580000)
  object space 87552K, 2% used [0x0000000740000000,0x00000007401e0bc8,0x0000000745580000)
 Metaspace       used 8231K, capacity 8488K, committed 8704K, reserved 1056768K
  class space    used 880K, capacity 962K, committed 1024K, reserved 1048576K
}

Deoptimization events (10 events):
Event: 2.365 Thread 0x00007f98842b7800 Uncommon trap: reason=unstable_if action=reinterpret pc=0x000000010cffbf68 method=org.mp.naumann.algorithms.fd.structures.PositionListIndex.buildClusterIdentifier(Lorg/apache/lucene/util/OpenBitSet;I[I)Lorg/mp/naumann/algorithms/fd/structures/ClusterIdent
Event: 2.589 Thread 0x00007f9885801800 Uncommon trap: reason=class_check action=maybe_recompile pc=0x000000010cf450f0 method=java.util.stream.Sink$ChainedReference.<init>(Ljava/util/stream/Sink;)V @ 9
Event: 13.977 Thread 0x00007f9885801800 Uncommon trap: reason=unstable_if action=reinterpret pc=0x000000010cf4329c method=java.util.stream.AbstractPipeline.sourceSpliterator(I)Ljava/util/Spliterator; @ 82
Event: 13.977 Thread 0x00007f9885801800 Uncommon trap: reason=class_check action=maybe_recompile pc=0x000000010cf450f0 method=java.util.stream.Sink$ChainedReference.<init>(Ljava/util/stream/Sink;)V @ 9
Event: 13.977 Thread 0x00007f9885801800 Uncommon trap: reason=class_check action=maybe_recompile pc=0x000000010cf450f0 method=java.util.stream.Sink$ChainedReference.<init>(Ljava/util/stream/Sink;)V @ 9
Event: 13.977 Thread 0x00007f9885801800 Uncommon trap: reason=class_check action=maybe_recompile pc=0x000000010cf450f0 method=java.util.stream.Sink$ChainedReference.<init>(Ljava/util/stream/Sink;)V @ 9
Event: 13.977 Thread 0x00007f9885801800 Uncommon trap: reason=class_check action=maybe_recompile pc=0x000000010cf44b4c method=java.util.stream.Sink$ChainedReference.<init>(Ljava/util/stream/Sink;)V @ 9
Event: 14.029 Thread 0x00007f9885801800 Uncommon trap: reason=unstable_if action=reinterpret pc=0x000000010ce6fd58 method=sun.misc.MetaIndex.mayContain(Ljava/lang/String;)Z @ 38
Event: 14.032 Thread 0x00007f9885801800 Uncommon trap: reason=unstable_if action=reinterpret pc=0x000000010cf794e4 method=sun.net.www.ParseUtil.encodePath(Ljava/lang/String;Z)Ljava/lang/String; @ 109
Event: 14.519 Thread 0x00007f9884d33000 Uncommon trap: reason=range_check action=make_not_entrant pc=0x000000010d00fcdc method=org.mp.naumann.algorithms.fd.structures.PositionListIndex.buildClusterIdentifier(Lorg/apache/lucene/util/OpenBitSet;I[I)Lorg/mp/naumann/algorithms/fd/structures/Cluster

Internal exceptions (10 events):
Event: 0.379 Thread 0x00007f9885801800 Exception <a 'java/lang/NoSuchFieldError': method resolution failed> (0x00000007958a78e8) thrown at [/Users/java_re/workspace/8-2-build-macosx-x86_64/jdk8u92/6642/hotspot/src/share/vm/prims/methodHandles.cpp, line 1146]
Event: 0.458 Thread 0x00007f9885801800 Exception <a 'java/security/PrivilegedActionException'> (0x0000000795989f70) thrown at [/Users/java_re/workspace/8-2-build-macosx-x86_64/jdk8u92/6642/hotspot/src/share/vm/prims/jvm.cpp, line 1386]
Event: 0.458 Thread 0x00007f9885801800 Exception <a 'java/security/PrivilegedActionException'> (0x000000079598a180) thrown at [/Users/java_re/workspace/8-2-build-macosx-x86_64/jdk8u92/6642/hotspot/src/share/vm/prims/jvm.cpp, line 1386]
Event: 0.458 Thread 0x00007f9885801800 Exception <a 'java/security/PrivilegedActionException'> (0x000000079598d420) thrown at [/Users/java_re/workspace/8-2-build-macosx-x86_64/jdk8u92/6642/hotspot/src/share/vm/prims/jvm.cpp, line 1386]
Event: 0.458 Thread 0x00007f9885801800 Exception <a 'java/security/PrivilegedActionException'> (0x000000079598d630) thrown at [/Users/java_re/workspace/8-2-build-macosx-x86_64/jdk8u92/6642/hotspot/src/share/vm/prims/jvm.cpp, line 1386]
Event: 0.728 Thread 0x00007f9885801800 Exception <a 'java/lang/NoSuchMethodError': java.lang.Object.lambda$comparingByValue$1065357e$1(Ljava/util/Map$Entry;Ljava/util/Map$Entry;)I> (0x0000000795d36c00) thrown at [/Users/java_re/workspace/8-2-build-macosx-x86_64/jdk8u92/6642/hotspot/src/share/v
Event: 0.841 Thread 0x00007f9885801800 Exception <a 'java/lang/IncompatibleClassChangeError': Found class java.lang.Object, but interface was expected> (0x000000079626c510) thrown at [/Users/java_re/workspace/8-2-build-macosx-x86_64/jdk8u92/6642/hotspot/src/share/vm/interpreter/linkResolver.cp
Event: 14.020 Thread 0x00007f9885801800 Exception <a 'java/lang/IncompatibleClassChangeError': Found class java.lang.Object, but interface was expected> (0x00000007985530a8) thrown at [/Users/java_re/workspace/8-2-build-macosx-x86_64/jdk8u92/6642/hotspot/src/share/vm/interpreter/linkResolver.cp
Event: 14.519 Thread 0x00007f9884d33000 Exception <a 'java/lang/ArrayIndexOutOfBoundsException': 14> (0x00000007974dc680) thrown at [/Users/java_re/workspace/8-2-build-macosx-x86_64/jdk8u92/6642/hotspot/src/share/vm/interpreter/interpreterRuntime.cpp, line 366]
Event: 14.519 Thread 0x00007f9884d33000 Exception <a 'java/lang/ArrayIndexOutOfBoundsException': 14> (0x00000007974dcaa8) thrown at [/Users/java_re/workspace/8-2-build-macosx-x86_64/jdk8u92/6642/hotspot/src/share/vm/interpreter/interpreterRuntime.cpp, line 366]

Events (10 events):
Event: 2184.644 Executing VM operation: ForceSafepoint
Event: 2184.644 Executing VM operation: ForceSafepoint done
Event: 2184.648 Executing VM operation: ForceSafepoint
Event: 2184.648 Executing VM operation: ForceSafepoint done
Event: 2270.571 Executing VM operation: GetOrSetLocal
Event: 2270.571 Executing VM operation: GetOrSetLocal done
Event: 2270.579 Executing VM operation: ForceSafepoint
Event: 2270.579 Executing VM operation: ForceSafepoint done
Event: 2277.750 Executing VM operation: RedefineClasses
Event: 2277.761 Executing VM operation: RedefineClasses done


Dynamic libraries:
0x0000000022ee1000 	/System/Library/Frameworks/Cocoa.framework/Versions/A/Cocoa
0x0000000022ee1000 	/System/Library/Frameworks/Security.framework/Versions/A/Security
0x0000000022ee1000 	/System/Library/Frameworks/ApplicationServices.framework/Versions/A/ApplicationServices
0x0000000022ee1000 	/usr/lib/libz.1.dylib
0x0000000022ee1000 	/usr/lib/libSystem.B.dylib
0x0000000022ee1000 	/usr/lib/libobjc.A.dylib
0x0000000022ee1000 	/System/Library/Frameworks/CoreFoundation.framework/Versions/A/CoreFoundation
0x0000000022ee1000 	/System/Library/Frameworks/Foundation.framework/Versions/C/Foundation
0x0000000022ee1000 	/System/Library/Frameworks/AppKit.framework/Versions/C/AppKit
0x0000000022ee1000 	/System/Library/Frameworks/CoreData.framework/Versions/A/CoreData
0x0000000022ee1000 	/System/Library/PrivateFrameworks/RemoteViewServices.framework/Versions/A/RemoteViewServices
0x0000000022ee1000 	/System/Library/PrivateFrameworks/UIFoundation.framework/Versions/A/UIFoundation
0x0000000022ee1000 	/usr/lib/libenergytrace.dylib
0x0000000022ee1000 	/System/Library/PrivateFrameworks/SkyLight.framework/Versions/A/SkyLight
0x0000000022ee1000 	/System/Library/Frameworks/CoreGraphics.framework/Versions/A/CoreGraphics
0x0000000022ee1000 	/usr/lib/libScreenReader.dylib
0x0000000022ee1000 	/System/Library/Frameworks/Accelerate.framework/Versions/A/Accelerate
0x0000000022ee1000 	/System/Library/Frameworks/IOSurface.framework/Versions/A/IOSurface
0x0000000022ee1000 	/System/Library/Frameworks/AudioToolbox.framework/Versions/A/AudioToolbox
0x0000000022ee1000 	/System/Library/Frameworks/AudioUnit.framework/Versions/A/AudioUnit
0x0000000022ee1000 	/System/Library/PrivateFrameworks/DataDetectorsCore.framework/Versions/A/DataDetectorsCore
0x0000000022ee1000 	/System/Library/PrivateFrameworks/DesktopServicesPriv.framework/Versions/A/DesktopServicesPriv
0x0000000022ee1000 	/System/Library/Frameworks/Carbon.framework/Versions/A/Frameworks/HIToolbox.framework/Versions/A/HIToolbox
0x0000000022ee1000 	/usr/lib/libicucore.A.dylib
0x0000000022ee1000 	/System/Library/Frameworks/QuartzCore.framework/Versions/A/QuartzCore
0x0000000022ee1000 	/System/Library/Frameworks/Carbon.framework/Versions/A/Frameworks/SpeechRecognition.framework/Versions/A/SpeechRecognition
0x0000000022ee1000 	/usr/lib/libauto.dylib
0x0000000022ee1000 	/usr/lib/libxml2.2.dylib
0x0000000022ee1000 	/System/Library/PrivateFrameworks/CoreUI.framework/Versions/A/CoreUI
0x0000000022ee1000 	/System/Library/Frameworks/CoreAudio.framework/Versions/A/CoreAudio
0x0000000022ee1000 	/System/Library/Frameworks/DiskArbitration.framework/Versions/A/DiskArbitration
0x0000000022ee1000 	/usr/lib/liblangid.dylib
0x0000000022ee1000 	/System/Library/PrivateFrameworks/MultitouchSupport.framework/Versions/A/MultitouchSupport
0x0000000022ee1000 	/System/Library/Frameworks/IOKit.framework/Versions/A/IOKit
0x0000000022ee1000 	/usr/lib/libDiagnosticMessagesClient.dylib
0x0000000022ee1000 	/System/Library/Frameworks/CoreServices.framework/Versions/A/CoreServices
0x0000000022ee1000 	/System/Library/PrivateFrameworks/PerformanceAnalysis.framework/Versions/A/PerformanceAnalysis
0x0000000022ee1000 	/System/Library/PrivateFrameworks/GenerationalStorage.framework/Versions/A/GenerationalStorage
0x0000000022ee1000 	/System/Library/Frameworks/OpenGL.framework/Versions/A/OpenGL
0x0000000022ee1000 	/System/Library/Frameworks/CoreImage.framework/Versions/A/CoreImage
0x0000000022ee1000 	/System/Library/Frameworks/CoreText.framework/Versions/A/CoreText
0x0000000022ee1000 	/System/Library/Frameworks/ImageIO.framework/Versions/A/ImageIO
0x0000000022ee1000 	/System/Library/PrivateFrameworks/Backup.framework/Versions/A/Backup
0x0000000022ee1000 	/usr/lib/libarchive.2.dylib
0x0000000022ee1000 	/System/Library/Frameworks/CFNetwork.framework/Versions/A/CFNetwork
0x0000000022ee1000 	/System/Library/Frameworks/SystemConfiguration.framework/Versions/A/SystemConfiguration
0x0000000022ee1000 	/usr/lib/libCRFSuite.dylib
0x0000000022ee1000 	/usr/lib/libc++.1.dylib
0x0000000022ee1000 	/usr/lib/libc++abi.dylib
0x0000000022ee1000 	/usr/lib/system/libcache.dylib
0x0000000022ee1000 	/usr/lib/system/libcommonCrypto.dylib
0x0000000022ee1000 	/usr/lib/system/libcompiler_rt.dylib
0x0000000022ee1000 	/usr/lib/system/libcopyfile.dylib
0x0000000022ee1000 	/usr/lib/system/libcorecrypto.dylib
0x0000000022ee1000 	/usr/lib/system/libdispatch.dylib
0x0000000022ee1000 	/usr/lib/system/libdyld.dylib
0x0000000022ee1000 	/usr/lib/system/libkeymgr.dylib
0x0000000022ee1000 	/usr/lib/system/liblaunch.dylib
0x0000000022ee1000 	/usr/lib/system/libmacho.dylib
0x0000000022ee1000 	/usr/lib/system/libquarantine.dylib
0x0000000022ee1000 	/usr/lib/system/libremovefile.dylib
0x0000000022ee1000 	/usr/lib/system/libsystem_asl.dylib
0x0000000022ee1000 	/usr/lib/system/libsystem_blocks.dylib
0x0000000022ee1000 	/usr/lib/system/libsystem_c.dylib
0x0000000022ee1000 	/usr/lib/system/libsystem_configuration.dylib
0x0000000022ee1000 	/usr/lib/system/libsystem_coreservices.dylib
0x0000000022ee1000 	/usr/lib/system/libsystem_coretls.dylib
0x0000000022ee1000 	/usr/lib/system/libsystem_dnssd.dylib
0x0000000022ee1000 	/usr/lib/system/libsystem_info.dylib
0x0000000022ee1000 	/usr/lib/system/libsystem_kernel.dylib
0x0000000022ee1000 	/usr/lib/system/libsystem_m.dylib
0x0000000022ee1000 	/usr/lib/system/libsystem_malloc.dylib
0x0000000022ee1000 	/usr/lib/system/libsystem_network.dylib
0x0000000022ee1000 	/usr/lib/system/libsystem_networkextension.dylib
0x0000000022ee1000 	/usr/lib/system/libsystem_notify.dylib
0x0000000022ee1000 	/usr/lib/system/libsystem_platform.dylib
0x0000000022ee1000 	/usr/lib/system/libsystem_pthread.dylib
0x0000000022ee1000 	/usr/lib/system/libsystem_sandbox.dylib
0x0000000022ee1000 	/usr/lib/system/libsystem_secinit.dylib
0x0000000022ee1000 	/usr/lib/system/libsystem_symptoms.dylib
0x0000000022ee1000 	/usr/lib/system/libsystem_trace.dylib
0x0000000022ee1000 	/usr/lib/system/libunwind.dylib
0x0000000022ee1000 	/usr/lib/system/libxpc.dylib
0x0000000022ee1000 	/usr/lib/libbsm.0.dylib
0x0000000022ee1000 	/usr/lib/system/libkxld.dylib
0x0000000022ee1000 	/usr/lib/libcoretls.dylib
0x0000000022ee1000 	/usr/lib/libcoretls_cfhelpers.dylib
0x0000000022ee1000 	/usr/lib/libxar.1.dylib
0x0000000022ee1000 	/usr/lib/libsqlite3.dylib
0x0000000022ee1000 	/usr/lib/libpam.2.dylib
0x0000000022ee1000 	/usr/lib/libOpenScriptingUtil.dylib
0x0000000022ee1000 	/usr/lib/libbz2.1.0.dylib
0x0000000022ee1000 	/usr/lib/liblzma.5.dylib
0x0000000022ee1000 	/usr/lib/libnetwork.dylib
0x0000000022ee1000 	/usr/lib/libpcap.A.dylib
0x0000000022ee1000 	/System/Library/Frameworks/CoreServices.framework/Versions/A/Frameworks/FSEvents.framework/Versions/A/FSEvents
0x0000000022ee1000 	/System/Library/Frameworks/CoreServices.framework/Versions/A/Frameworks/CarbonCore.framework/Versions/A/CarbonCore
0x0000000022ee1000 	/System/Library/Frameworks/CoreServices.framework/Versions/A/Frameworks/Metadata.framework/Versions/A/Metadata
0x0000000022ee1000 	/System/Library/Frameworks/CoreServices.framework/Versions/A/Frameworks/OSServices.framework/Versions/A/OSServices
0x0000000022ee1000 	/System/Library/Frameworks/CoreServices.framework/Versions/A/Frameworks/SearchKit.framework/Versions/A/SearchKit
0x0000000022ee1000 	/System/Library/Frameworks/CoreServices.framework/Versions/A/Frameworks/AE.framework/Versions/A/AE
0x0000000022ee1000 	/System/Library/Frameworks/CoreServices.framework/Versions/A/Frameworks/LaunchServices.framework/Versions/A/LaunchServices
0x0000000022ee1000 	/System/Library/Frameworks/CoreServices.framework/Versions/A/Frameworks/DictionaryServices.framework/Versions/A/DictionaryServices
0x0000000022ee1000 	/System/Library/Frameworks/CoreServices.framework/Versions/A/Frameworks/SharedFileList.framework/Versions/A/SharedFileList
0x0000000022ee1000 	/System/Library/Frameworks/NetFS.framework/Versions/A/NetFS
0x0000000022ee1000 	/System/Library/PrivateFrameworks/NetAuth.framework/Versions/A/NetAuth
0x0000000022ee1000 	/System/Library/PrivateFrameworks/login.framework/Versions/A/Frameworks/loginsupport.framework/Versions/A/loginsupport
0x0000000022ee1000 	/System/Library/PrivateFrameworks/TCC.framework/Versions/A/TCC
0x0000000022ee1000 	/usr/lib/libmecabra.dylib
0x0000000022ee1000 	/System/Library/Frameworks/ApplicationServices.framework/Versions/A/Frameworks/ATS.framework/Versions/A/ATS
0x0000000022ee1000 	/System/Library/Frameworks/ApplicationServices.framework/Versions/A/Frameworks/ColorSync.framework/Versions/A/ColorSync
0x0000000022ee1000 	/System/Library/Frameworks/ApplicationServices.framework/Versions/A/Frameworks/HIServices.framework/Versions/A/HIServices
0x0000000022ee1000 	/System/Library/Frameworks/ApplicationServices.framework/Versions/A/Frameworks/LangAnalysis.framework/Versions/A/LangAnalysis
0x0000000022ee1000 	/System/Library/Frameworks/ApplicationServices.framework/Versions/A/Frameworks/PrintCore.framework/Versions/A/PrintCore
0x0000000022ee1000 	/System/Library/Frameworks/ApplicationServices.framework/Versions/A/Frameworks/QD.framework/Versions/A/QD
0x0000000022ee1000 	/System/Library/Frameworks/ApplicationServices.framework/Versions/A/Frameworks/SpeechSynthesis.framework/Versions/A/SpeechSynthesis
0x0000000022ee1000 	/System/Library/Frameworks/Accelerate.framework/Versions/A/Frameworks/vImage.framework/Versions/A/vImage
0x0000000022ee1000 	/System/Library/Frameworks/Accelerate.framework/Versions/A/Frameworks/vecLib.framework/Versions/A/vecLib
0x0000000022ee1000 	/System/Library/Frameworks/Accelerate.framework/Versions/A/Frameworks/vecLib.framework/Versions/A/libvDSP.dylib
0x0000000022ee1000 	/System/Library/Frameworks/Accelerate.framework/Versions/A/Frameworks/vecLib.framework/Versions/A/libBNNS.dylib
0x0000000022ee1000 	/System/Library/Frameworks/Accelerate.framework/Versions/A/Frameworks/vecLib.framework/Versions/A/libQuadrature.dylib
0x0000000022ee1000 	/System/Library/Frameworks/Accelerate.framework/Versions/A/Frameworks/vecLib.framework/Versions/A/libvMisc.dylib
0x0000000022ee1000 	/System/Library/Frameworks/Accelerate.framework/Versions/A/Frameworks/vecLib.framework/Versions/A/libLAPACK.dylib
0x0000000022ee1000 	/System/Library/Frameworks/Accelerate.framework/Versions/A/Frameworks/vecLib.framework/Versions/A/libBLAS.dylib
0x0000000022ee1000 	/System/Library/Frameworks/Accelerate.framework/Versions/A/Frameworks/vecLib.framework/Versions/A/libLinearAlgebra.dylib
0x0000000022ee1000 	/System/Library/Frameworks/Accelerate.framework/Versions/A/Frameworks/vecLib.framework/Versions/A/libSparseBLAS.dylib
0x0000000022ee1000 	/System/Library/Frameworks/ApplicationServices.framework/Versions/A/Frameworks/ATS.framework/Versions/A/Resources/libFontParser.dylib
0x0000000022ee1000 	/System/Library/Frameworks/ApplicationServices.framework/Versions/A/Frameworks/ATS.framework/Versions/A/Resources/libFontRegistry.dylib
0x0000000022ee1000 	/System/Library/Frameworks/ImageIO.framework/Versions/A/Resources/libJPEG.dylib
0x0000000022ee1000 	/System/Library/Frameworks/ImageIO.framework/Versions/A/Resources/libTIFF.dylib
0x0000000022ee1000 	/System/Library/Frameworks/ImageIO.framework/Versions/A/Resources/libPng.dylib
0x0000000022ee1000 	/System/Library/Frameworks/ImageIO.framework/Versions/A/Resources/libGIF.dylib
0x0000000022ee1000 	/System/Library/Frameworks/ImageIO.framework/Versions/A/Resources/libJP2.dylib
0x0000000022ee1000 	/System/Library/Frameworks/ImageIO.framework/Versions/A/Resources/libRadiance.dylib
0x0000000022ee1000 	/usr/lib/libcompression.dylib
0x0000000022ee1000 	/System/Library/PrivateFrameworks/AppleJPEG.framework/Versions/A/AppleJPEG
0x0000000022ee1000 	/usr/lib/libcups.2.dylib
0x0000000022ee1000 	/System/Library/Frameworks/Kerberos.framework/Versions/A/Kerberos
0x0000000022ee1000 	/System/Library/Frameworks/GSS.framework/Versions/A/GSS
0x0000000022ee1000 	/usr/lib/libresolv.9.dylib
0x0000000022ee1000 	/usr/lib/libiconv.2.dylib
0x0000000022ee1000 	/System/Library/PrivateFrameworks/Heimdal.framework/Versions/A/Heimdal
0x0000000022ee1000 	/usr/lib/libheimdal-asn1.dylib
0x0000000022ee1000 	/System/Library/Frameworks/OpenDirectory.framework/Versions/A/OpenDirectory
0x0000000022ee1000 	/System/Library/PrivateFrameworks/CommonAuth.framework/Versions/A/CommonAuth
0x0000000022ee1000 	/System/Library/Frameworks/OpenDirectory.framework/Versions/A/Frameworks/CFOpenDirectory.framework/Versions/A/CFOpenDirectory
0x0000000022ee1000 	/System/Library/Frameworks/SecurityFoundation.framework/Versions/A/SecurityFoundation
0x0000000022ee1000 	/System/Library/PrivateFrameworks/LanguageModeling.framework/Versions/A/LanguageModeling
0x0000000022ee1000 	/usr/lib/libmarisa.dylib
0x0000000022ee1000 	/usr/lib/libChineseTokenizer.dylib
0x0000000022ee1000 	/usr/lib/libcmph.dylib
0x0000000022ee1000 	/System/Library/PrivateFrameworks/CoreEmoji.framework/Versions/A/CoreEmoji
0x0000000022ee1000 	/System/Library/Frameworks/ServiceManagement.framework/Versions/A/ServiceManagement
0x0000000022ee1000 	/usr/lib/libxslt.1.dylib
0x0000000022ee1000 	/System/Library/Frameworks/Carbon.framework/Versions/A/Frameworks/Ink.framework/Versions/A/Ink
0x0000000022ee1000 	/System/Library/PrivateFrameworks/TextureIO.framework/Versions/A/TextureIO
0x0000000022ee1000 	/System/Library/Frameworks/Metal.framework/Versions/A/Metal
0x0000000022ee1000 	/usr/lib/libate.dylib
0x0000000022ee1000 	/System/Library/PrivateFrameworks/GPUCompiler.framework/libmetal_timestamp.dylib
0x0000000022ee1000 	/System/Library/Frameworks/OpenGL.framework/Versions/A/Libraries/libCoreFSCache.dylib
0x0000000022ee1000 	/System/Library/PrivateFrameworks/IOAccelerator.framework/Versions/A/IOAccelerator
0x0000000022ee1000 	/System/Library/Frameworks/CoreVideo.framework/Versions/A/CoreVideo
0x0000000022ee1000 	/usr/lib/libFosl_dynamic.dylib
0x0000000022ee1000 	/System/Library/PrivateFrameworks/MetalPerformanceShaders.framework/Versions/A/MetalPerformanceShaders
0x0000000022ee1000 	/System/Library/PrivateFrameworks/FaceCore.framework/Versions/A/FaceCore
0x0000000022ee1000 	/System/Library/Frameworks/OpenCL.framework/Versions/A/OpenCL
0x0000000022ee1000 	/System/Library/Frameworks/OpenGL.framework/Versions/A/Libraries/libGLU.dylib
0x0000000022ee1000 	/System/Library/Frameworks/OpenGL.framework/Versions/A/Libraries/libGFXShared.dylib
0x0000000022ee1000 	/System/Library/Frameworks/OpenGL.framework/Versions/A/Libraries/libGL.dylib
0x0000000022ee1000 	/System/Library/Frameworks/OpenGL.framework/Versions/A/Libraries/libGLImage.dylib
0x0000000022ee1000 	/System/Library/Frameworks/OpenGL.framework/Versions/A/Libraries/libCVMSPluginSupport.dylib
0x0000000022ee1000 	/System/Library/Frameworks/OpenGL.framework/Versions/A/Libraries/libCoreVMClient.dylib
0x0000000022ee1000 	/System/Library/PrivateFrameworks/CrashReporterSupport.framework/Versions/A/CrashReporterSupport
0x0000000022ee1000 	/System/Library/PrivateFrameworks/Sharing.framework/Versions/A/Sharing
0x0000000022ee1000 	/System/Library/PrivateFrameworks/IconServices.framework/Versions/A/IconServices
0x0000000022ee1000 	/System/Library/PrivateFrameworks/ProtocolBuffer.framework/Versions/A/ProtocolBuffer
0x0000000022ee1000 	/System/Library/PrivateFrameworks/Apple80211.framework/Versions/A/Apple80211
0x0000000022ee1000 	/System/Library/Frameworks/CoreWLAN.framework/Versions/A/CoreWLAN
0x0000000022ee1000 	/System/Library/PrivateFrameworks/CoreUtils.framework/Versions/A/CoreUtils
0x0000000022ee1000 	/System/Library/Frameworks/IOBluetooth.framework/Versions/A/IOBluetooth
0x0000000022ee1000 	/System/Library/PrivateFrameworks/CoreWiFi.framework/Versions/A/CoreWiFi
0x0000000022ee1000 	/System/Library/Frameworks/CoreBluetooth.framework/Versions/A/CoreBluetooth
0x0000000022ee1000 	/System/Library/Frameworks/CoreDisplay.framework/Versions/A/CoreDisplay
0x0000000022ee1000 	/System/Library/PrivateFrameworks/IOPresentment.framework/Versions/A/IOPresentment
0x0000000022ee1000 	/System/Library/PrivateFrameworks/DebugSymbols.framework/Versions/A/DebugSymbols
0x0000000022ee1000 	/System/Library/PrivateFrameworks/CoreSymbolication.framework/Versions/A/CoreSymbolication
0x0000000022ee1000 	/System/Library/PrivateFrameworks/Symbolication.framework/Versions/A/Symbolication
0x0000000022ee1000 	/System/Library/PrivateFrameworks/AppleFSCompression.framework/Versions/A/AppleFSCompression
0x0000000022ee1000 	/System/Library/PrivateFrameworks/SpeechRecognitionCore.framework/Versions/A/SpeechRecognitionCore
0x0000000022ee1000 	/System/Library/PrivateFrameworks/ChunkingLibrary.framework/Versions/A/ChunkingLibrary
0x000000010bcab000 	/Library/Java/JavaVirtualMachines/jdk1.8.0_92.jdk/Contents/Home/jre/lib/server/libjvm.dylib
0x0000000022ee1000 	/usr/lib/libstdc++.6.dylib
0x000000010af1f000 	/Library/Java/JavaVirtualMachines/jdk1.8.0_92.jdk/Contents/Home/jre/lib/libverify.dylib
0x000000010af2d000 	/Library/Java/JavaVirtualMachines/jdk1.8.0_92.jdk/Contents/Home/jre/lib/libjava.dylib
0x000000010af63000 	/Library/Java/JavaVirtualMachines/jdk1.8.0_92.jdk/Contents/Home/jre/lib/libjdwp.dylib
0x000000010afae000 	/Library/Java/JavaVirtualMachines/jdk1.8.0_92.jdk/Contents/Home/jre/lib/libnpt.dylib
0x000000010afbb000 	/Library/Java/JavaVirtualMachines/jdk1.8.0_92.jdk/Contents/Home/jre/lib/libzip.dylib
0x0000000122174000 	/System/Library/Frameworks/JavaVM.framework/Frameworks/JavaRuntimeSupport.framework/JavaRuntimeSupport
0x000000010bc08000 	/System/Library/Frameworks/JavaVM.framework/Versions/A/Frameworks/JavaNativeFoundation.framework/Versions/A/JavaNativeFoundation
0x000000010afed000 	/System/Library/Frameworks/JavaVM.framework/Versions/A/JavaVM
0x0000000022ee1000 	/System/Library/Frameworks/Carbon.framework/Versions/A/Carbon
0x000000012218e000 	/System/Library/PrivateFrameworks/JavaLaunching.framework/Versions/A/JavaLaunching
0x0000000022ee1000 	/System/Library/Frameworks/Carbon.framework/Versions/A/Frameworks/CommonPanels.framework/Versions/A/CommonPanels
0x0000000022ee1000 	/System/Library/Frameworks/Carbon.framework/Versions/A/Frameworks/Help.framework/Versions/A/Help
0x0000000022ee1000 	/System/Library/Frameworks/Carbon.framework/Versions/A/Frameworks/ImageCapture.framework/Versions/A/ImageCapture
0x0000000022ee1000 	/System/Library/Frameworks/Carbon.framework/Versions/A/Frameworks/OpenScripting.framework/Versions/A/OpenScripting
0x0000000022ee1000 	/System/Library/Frameworks/Carbon.framework/Versions/A/Frameworks/Print.framework/Versions/A/Print
0x0000000022ee1000 	/System/Library/Frameworks/Carbon.framework/Versions/A/Frameworks/SecurityHI.framework/Versions/A/SecurityHI
0x0000000123a94000 	/Library/Java/JavaVirtualMachines/jdk1.8.0_92.jdk/Contents/Home/jre/lib/libdt_socket.dylib
0x0000000123da3000 	/Library/Java/JavaVirtualMachines/jdk1.8.0_92.jdk/Contents/Home/jre/lib/libmanagement.dylib

VM Arguments:
jvm_args: -agentlib:jdwp=transport=dt_socket,address=127.0.0.1:63124,suspend=y,server=n -Dfile.encoding=UTF-8 
java_command: org.mp.naumann.BenchmarksApplication
java_class_path (initial): /Library/Java/JavaVirtualMachines/jdk1.8.0_92.jdk/Contents/Home/jre/lib/charsets.jar:/Library/Java/JavaVirtualMachines/jdk1.8.0_92.jdk/Contents/Home/jre/lib/deploy.jar:/Library/Java/JavaVirtualMachines/jdk1.8.0_92.jdk/Contents/Home/jre/lib/ext/cldrdata.jar:/Library/Java/JavaVirtualMachines/jdk1.8.0_92.jdk/Contents/Home/jre/lib/ext/dnsns.jar:/Library/Java/JavaVirtualMachines/jdk1.8.0_92.jdk/Contents/Home/jre/lib/ext/jaccess.jar:/Library/Java/JavaVirtualMachines/jdk1.8.0_92.jdk/Contents/Home/jre/lib/ext/jfxrt.jar:/Library/Java/JavaVirtualMachines/jdk1.8.0_92.jdk/Contents/Home/jre/lib/ext/localedata.jar:/Library/Java/JavaVirtualMachines/jdk1.8.0_92.jdk/Contents/Home/jre/lib/ext/nashorn.jar:/Library/Java/JavaVirtualMachines/jdk1.8.0_92.jdk/Contents/Home/jre/lib/ext/sunec.jar:/Library/Java/JavaVirtualMachines/jdk1.8.0_92.jdk/Contents/Home/jre/lib/ext/sunjce_provider.jar:/Library/Java/JavaVirtualMachines/jdk1.8.0_92.jdk/Contents/Home/jre/lib/ext/sunpkcs11.jar:/Library/Java/JavaVirtualMachines/jdk1.8.0_92.jdk/Contents/Home/jre/lib/ext/zipfs.jar:/Library/Java/JavaVirtualMachines/jdk1.8.0_92.jdk/Contents/Home/jre/lib/javaws.jar:/Library/Java/JavaVirtualMachines/jdk1.8.0_92.jdk/Contents/Home/jre/lib/jce.jar:/Library/Java/JavaVirtualMachines/jdk1.8.0_92.jdk/Contents/Home/jre/lib/jfr.jar:/Library/Java/JavaVirtualMachines/jdk1.8.0_92.jdk/Contents/Home/jre/lib/jfxswt.jar:/Library/Java/JavaVirtualMachines/jdk1.8.0_92.jdk/Contents/Home/jre/lib/jsse.jar:/Library/Java/JavaVirtualMachines/jdk1.8.0_92.jdk/Contents/Home/jre/lib/management-agent.jar:/Library/Java/JavaVirtualMachines/jdk1.8.0_92.jdk/Contents/Home/jre/lib/plugin.jar:/Library/Java/JavaVirtualMachines/jdk1.8.0_92.jdk/Contents/Home/jre/lib/resources.jar:/Library/Java/JavaVirtualMachines/jdk1.8.0_92.jdk/Contents/Home/jre/lib/rt.jar:/Library/Java/JavaVirtualMachines/jdk1.8.0_92.jdk/Contents/Home/lib/ant-javafx.jar:/Library/Java/JavaVirtualMachines/jdk1.8.0_92.jdk/Contents/Home/lib/dt.jar:/Library/Ja
Launcher Type: SUN_STANDARD

Environment Variables:
PATH=/usr/local/sbin:/usr/local/sbin:/usr/local/bin:/usr/bin:/bin:/usr/sbin:/sbin:/opt/X11/bin:/Library/TeX/texbin
SHELL=/bin/zsh
DISPLAY=/private/tmp/com.apple.launchd.D0JeKZ81rd/org.macosforge.xquartz:0

Signal Handlers:
SIGSEGV: [libjvm.dylib+0x5aa779], sa_mask[0]=11111111011111110111111111111111, sa_flags=SA_ONSTACK|SA_RESTART|SA_SIGINFO
SIGBUS: [libjvm.dylib+0x5aa779], sa_mask[0]=11111111011111110111111111111111, sa_flags=SA_RESTART|SA_SIGINFO
SIGFPE: [libjvm.dylib+0x4831d0], sa_mask[0]=11111111011111110111111111111111, sa_flags=SA_RESTART|SA_SIGINFO
SIGPIPE: [libjvm.dylib+0x4831d0], sa_mask[0]=11111111011111110111111111111111, sa_flags=SA_RESTART|SA_SIGINFO
SIGXFSZ: [libjvm.dylib+0x4831d0], sa_mask[0]=11111111011111110111111111111111, sa_flags=SA_RESTART|SA_SIGINFO
SIGILL: [libjvm.dylib+0x4831d0], sa_mask[0]=11111111011111110111111111111111, sa_flags=SA_RESTART|SA_SIGINFO
SIGUSR1: SIG_DFL, sa_mask[0]=00000000000000000000000000000000, sa_flags=none
SIGUSR2: [libjvm.dylib+0x482cee], sa_mask[0]=00100000000000000000000000000000, sa_flags=SA_RESTART|SA_SIGINFO
SIGHUP: [libjvm.dylib+0x4812c5], sa_mask[0]=11111111011111110111111111111111, sa_flags=SA_RESTART|SA_SIGINFO
SIGINT: [libjvm.dylib+0x4812c5], sa_mask[0]=11111111011111110111111111111111, sa_flags=SA_RESTART|SA_SIGINFO
SIGTERM: [libjvm.dylib+0x4812c5], sa_mask[0]=11111111011111110111111111111111, sa_flags=SA_RESTART|SA_SIGINFO
SIGQUIT: [libjvm.dylib+0x4812c5], sa_mask[0]=11111111011111110111111111111111, sa_flags=SA_RESTART|SA_SIGINFO


---------------  S Y S T E M  ---------------

OS:Bsduname:Darwin 16.1.0 Darwin Kernel Version 16.1.0: Thu Oct 13 21:26:57 PDT 2016; root:xnu-3789.21.3~60/RELEASE_X86_64 x86_64
rlimit: STACK 8192k, CORE 0k, NPROC 709, NOFILE 10240, AS infinity
load average:5.58 6.92 6.64

CPU:total 4 (2 cores per cpu, 2 threads per core) family 6 model 61 stepping 4, cmov, cx8, fxsr, mmx, sse, sse2, sse3, ssse3, sse4.1, sse4.2, popcnt, avx, avx2, aes, clmul, erms, 3dnowpref, lzcnt, ht, tsc, tscinvbit, bmi1, bmi2, adx

Memory: 4k page, physical 8388608k(564996k free)

/proc/meminfo:


vm_info: Java HotSpot(TM) 64-Bit Server VM (25.92-b14) for bsd-amd64 JRE (1.8.0_92-b14), built on Mar 31 2016 21:23:14 by "java_re" with gcc 4.2.1 (Based on Apple Inc. build 5658) (LLVM build 2336.11.00)

time: Thu Dec  1 15:16:55 2016
elapsed time: 2277 seconds (0d 0h 37m 57s)

