#
# A fatal error has been detected by the Java Runtime Environment:
#
#  SIGSEGV (0xb) at pc=0x000000010b248f8c, pid=44126, tid=0x0000000000004303
#
# JRE version: Java(TM) SE Runtime Environment (8.0_92-b14) (build 1.8.0_92-b14)
# Java VM: Java HotSpot(TM) 64-Bit Server VM (25.92-b14 mixed mode bsd-amd64 compressed oops)
# Problematic frame:
# V  [libjvm.dylib+0x448f8c]  Method::checked_resolve_jmethod_id(_jmethodID*)+0x22
#
# Failed to write core dump. Core dumps have been disabled. To enable core dumping, try "ulimit -c unlimited" before starting Java again
#
# If you would like to submit a bug report, please visit:
#   http://bugreport.java.com/bugreport/crash.jsp
#

---------------  T H R E A D  ---------------

Current thread (0x00007fccb3050800):  JavaThread "JDWP Transport Listener: dt_socket" daemon [_thread_in_vm, id=17155, stack(0x000070000bca8000,0x000070000bda8000)]

siginfo: si_signo: 11 (SIGSEGV), si_code: 0 (unknown), si_addr: 0x0000000000000000

Registers:
RAX=0x000000010b24bf24, RBX=0x000000010b6c3d40, RCX=0x000000010b61a360, RDX=0x000070000bda7a8b
RSP=0x000070000bda79d0, RBP=0x000070000bda79e0, RSI=0x00007fccb3050800, RDI=0x000000010b6c3d40
R8 =0x0000000000000000, R9 =0x00007fccb1e76c50, R10=0x0000000000000001, R11=0x0000000000000001
R12=0x00007fccb3050800, R13=0x00000001113612d0, R14=0x00000001113612d0, R15=0x00007fccb1e005b0
RIP=0x000000010b248f8c, EFLAGS=0x0000000000010216, ERR=0x0000000000000000
  TRAPNO=0x000000000000000d

Top of Stack: (sp=0x000070000bda79d0)
0x000070000bda79d0:   000070000bda7a8b 000070000bda7a8b
0x000070000bda79e0:   000070000bda7a40 000000010b157e66
0x000070000bda79f0:   00007fccb3050800 0000000000000000
0x000070000bda7a00:   0000000000000000 0000000000000000
0x000070000bda7a10:   00007fccb3050800 00007fccb3050800
0x000070000bda7a20:   000070000bda7a8b 000070000bda7a90
0x000070000bda7a30:   00000001113612d0 000000000000000f
0x000070000bda7a40:   000070000bda7a60 000000010a539780
0x000070000bda7a50:   0000000000000001 000070000bda7b08
0x000070000bda7a60:   000070000bda7ad0 000000010a51e1f3
0x000070000bda7a70:   000070000bda7aa0 00007fccb1e375f0
0x000070000bda7a80:   0000001000000032 f000104101da7b08
0x000070000bda7a90:   0000000000000000 0000000000000000
0x000070000bda7aa0:   0000000000000000 000070000bda7c90
0x000070000bda7ab0:   000000010a540e7a 00007fccb1c95be0
0x000070000bda7ac0:   000070000bda7b08 000000010a54c598
0x000070000bda7ad0:   000070000bda7ae0 000000010a51e2ec
0x000070000bda7ae0:   000070000bda7d00 000000010a527898
0x000070000bda7af0:   0000538200000013 00000000000f0200
0x000070000bda7b00:   00007fccb1c909e0 00007fccb312231e
0x000070000bda7b10:   00007fcc00000842 00007fccb1e76ba0
0x000070000bda7b20:   00007fcc0000012c 000070000bda7b58
0x000070000bda7b30:   00007fccb1e76ec0 0000000000000000
0x000070000bda7b40:   0000538200000030 00007fcc00009080
0x000070000bda7b50:   000070000bda7b58 cc7f000010000000
0x000070000bda7b60:   060000002027e7b1 00003e74696e693c
0x000070000bda7b70:   6176616a4c282500 694c2f6c6974752f
0x000070000bda7b80:   6176616a4c3b7473 74532f676e616c2f
0x000070000bda7b90:   0056293b676e6972 76616a4c28390000
0x000070000bda7ba0:   4c2f6c6974752f61 76616a4c3c747369
0x000070000bda7bb0:   532f676e616c2f61 3b3e3b676e697274
0x000070000bda7bc0:   616c2f6176616a4c 6e697274532f676e 

Instructions: (pc=0x000000010b248f8c)
0x000000010b248f6c:   89 e5 53 48 83 ec 08 48 85 ff 74 24 48 8b 1f 48
0x000000010b248f7c:   85 db 74 1c 48 83 fb 37 74 16 48 8b 03 48 89 df
0x000000010b248f8c:   ff 50 10 84 c0 b8 00 00 00 00 48 0f 45 c3 eb 02
0x000000010b248f9c:   31 c0 48 83 c4 08 5b 5d c3 90 55 48 89 e5 48 8b 

Register to memory mapping:

RAX=0x000000010b24bf24: _ZNVK8Metadata11is_metadataEv+0 in /Library/Java/JavaVirtualMachines/jdk1.8.0_92.jdk/Contents/Home/jre/lib/server/libjvm.dylib at 0x000000010ae00000
RBX=0x000000010b6c3d40: _ZTV12ConstantPool+0x10 in /Library/Java/JavaVirtualMachines/jdk1.8.0_92.jdk/Contents/Home/jre/lib/server/libjvm.dylib at 0x000000010ae00000
RCX=0x000000010b61a360: UseMembar+0 in /Library/Java/JavaVirtualMachines/jdk1.8.0_92.jdk/Contents/Home/jre/lib/server/libjvm.dylib at 0x000000010ae00000
RDX=0x000070000bda7a8b is pointing into the stack for thread: 0x00007fccb3050800
RSP=0x000070000bda79d0 is pointing into the stack for thread: 0x00007fccb3050800
RBP=0x000070000bda79e0 is pointing into the stack for thread: 0x00007fccb3050800
RSI=0x00007fccb3050800 is a thread
RDI=0x000000010b6c3d40: _ZTV12ConstantPool+0x10 in /Library/Java/JavaVirtualMachines/jdk1.8.0_92.jdk/Contents/Home/jre/lib/server/libjvm.dylib at 0x000000010ae00000
R8 =0x0000000000000000 is an unknown value
R9 =0x00007fccb1e76c50 is an unknown value
R10=0x0000000000000001 is an unknown value
R11=0x0000000000000001 is an unknown value
R12=0x00007fccb3050800 is a thread
R13=0x00000001113612d0 is pointing into metadata
R14=0x00000001113612d0 is pointing into metadata
R15=0x00007fccb1e005b0 is an unknown value


Stack: [0x000070000bca8000,0x000070000bda8000],  sp=0x000070000bda79d0,  free space=1022k
Native frames: (J=compiled Java code, j=interpreted, Vv=VM code, C=native code)
V  [libjvm.dylib+0x448f8c]  Method::checked_resolve_jmethod_id(_jmethodID*)+0x22
V  [libjvm.dylib+0x357e66]  jvmti_IsMethodSynthetic+0xb2
C  [libjdwp.dylib+0x20780]  isMethodSynthetic+0x63
C  [libjdwp.dylib+0x51f3]  methods1+0x10b
C  [libjdwp.dylib+0x52ec]  methodsWithGeneric+0xe
C  [libjdwp.dylib+0xe898]  debugLoop_run+0x1ce
C  [libjdwp.dylib+0x1f6ba]  attachThread+0x4d
V  [libjvm.dylib+0x3991cc]  JvmtiAgentThread::call_start_function()+0x38
V  [libjvm.dylib+0x564c57]  JavaThread::thread_main_inner()+0x9b
V  [libjvm.dylib+0x566344]  JavaThread::run()+0x1c2
V  [libjvm.dylib+0x485bbe]  java_start(Thread*)+0xf6
C  [libsystem_pthread.dylib+0x3aab]  _pthread_body+0xb4
C  [libsystem_pthread.dylib+0x39f7]  _pthread_body+0x0
C  [libsystem_pthread.dylib+0x3221]  thread_start+0xd
C  0x0000000000000000


---------------  P R O C E S S  ---------------

Java Threads: ( => current thread )
  0x00007fccb3805000 JavaThread "Service Thread" daemon [_thread_blocked, id=20227, stack(0x000070000c2ba000,0x000070000c3ba000)]
  0x00007fccb280d800 JavaThread "C1 CompilerThread2" daemon [_thread_blocked, id=19715, stack(0x000070000c1b7000,0x000070000c2b7000)]
  0x00007fccb3854800 JavaThread "C2 CompilerThread1" daemon [_thread_blocked, id=19203, stack(0x000070000c0b4000,0x000070000c1b4000)]
  0x00007fccb280c800 JavaThread "C2 CompilerThread0" daemon [_thread_blocked, id=18691, stack(0x000070000bfb1000,0x000070000c0b1000)]
  0x00007fccb2052800 JavaThread "JDWP Command Reader" daemon [_thread_in_native, id=18179, stack(0x000070000beae000,0x000070000bfae000)]
  0x00007fccb3807000 JavaThread "JDWP Event Helper Thread" daemon [_thread_blocked, id=17667, stack(0x000070000bdab000,0x000070000beab000)]
=>0x00007fccb3050800 JavaThread "JDWP Transport Listener: dt_socket" daemon [_thread_in_vm, id=17155, stack(0x000070000bca8000,0x000070000bda8000)]
  0x00007fccb204e000 JavaThread "Signal Dispatcher" daemon [_thread_blocked, id=16643, stack(0x000070000bba5000,0x000070000bca5000)]
  0x00007fccb3000000 JavaThread "Finalizer" daemon [_thread_blocked, id=12547, stack(0x000070000baa2000,0x000070000bba2000)]
  0x00007fccb3801000 JavaThread "Reference Handler" daemon [_thread_blocked, id=12035, stack(0x000070000b99f000,0x000070000ba9f000)]
  0x00007fccb2803000 JavaThread "main" [_thread_blocked, id=7171, stack(0x000070000b38d000,0x000070000b48d000)]

Other Threads:
  0x00007fccb202a000 VMThread [stack: 0x000070000b89c000,0x000070000b99c000] [id=11523]
  0x00007fccb2801800 WatcherThread [stack: 0x000070000c3bd000,0x000070000c4bd000] [id=20739]

VM state:not at safepoint (normal execution)

VM Mutex/Monitor currently owned by a thread: None

Heap:
 PSYoungGen      total 71680K, used 43490K [0x0000000795580000, 0x000000079e580000, 0x00000007c0000000)
  eden space 66560K, 57% used [0x0000000795580000,0x0000000797afd5e0,0x0000000799680000)
  from space 5120K, 99% used [0x0000000799680000,0x0000000799b7b230,0x0000000799b80000)
  to   space 7168K, 0% used [0x000000079de80000,0x000000079de80000,0x000000079e580000)
 ParOldGen       total 87552K, used 1887K [0x0000000740000000, 0x0000000745580000, 0x0000000795580000)
  object space 87552K, 2% used [0x0000000740000000,0x00000007401d7d38,0x0000000745580000)
 Metaspace       used 8399K, capacity 8660K, committed 8960K, reserved 1056768K
  class space    used 877K, capacity 956K, committed 1024K, reserved 1048576K

Card table byte_map: [0x000000010c157000,0x000000010c558000] byte_map_base: 0x0000000108757000

Marking Bits: (ParMarkBitMap*) 0x000000010b6e8bd0
 Begin Bits: [0x000000010c803000, 0x000000010e803000)
 End Bits:   [0x000000010e803000, 0x0000000110803000)

Polling page: 0x000000010a518000

CodeCache: size=245760Kb used=4087Kb max_used=4119Kb free=241672Kb
 bounds [0x000000011717c000, 0x000000011758c000, 0x000000012617c000]
 total_blobs=1349 nmethods=1044 adapters=227
 compilation: enabled

Compilation events (10 events):
Event: 2.659 Thread 0x00007fccb280c800 nmethod 1041 0x000000011756f310 code [0x000000011756f480, 0x000000011756f8b8]
Event: 2.659 Thread 0x00007fccb280c800  877       4       org.apache.lucene.util.OpenBitSet::clear (137 bytes)
Event: 2.663 Thread 0x00007fccb280c800 nmethod 877 0x000000011756bfd0 code [0x000000011756c120, 0x000000011756c318]
Event: 2.664 Thread 0x00007fccb280c800  838       4       it.unimi.dsi.fastutil.ints.IntArrayList::set (68 bytes)
Event: 2.666 Thread 0x00007fccb280c800 nmethod 838 0x000000011756bc50 code [0x000000011756bda0, 0x000000011756beb8]
Event: 2.666 Thread 0x00007fccb280c800  995       4       it.unimi.dsi.fastutil.objects.Object2ObjectOpenHashMap::put (156 bytes)
Event: 2.744 Thread 0x00007fccb280c800 nmethod 995 0x0000000117571750 code [0x00000001175719c0, 0x0000000117572dd8]
Event: 2.745 Thread 0x00007fccb280c800  917       4       org.mp.naumann.algorithms.fd.structures.FDTreeElement::hasRhsAttribute (9 bytes)
Event: 2.749 Thread 0x00007fccb280c800 nmethod 917 0x00000001175712d0 code [0x0000000117571420, 0x00000001175715b8]
Event: 3.214 Thread 0x00007fccb3854800 nmethod 985% 0x000000011757b7d0 code [0x000000011757bca0, 0x0000000117583008]

GC Heap History (10 events):
Event: 1.200 GC heap before
{Heap before GC invocations=1 (full 0):
 PSYoungGen      total 38400K, used 33280K [0x0000000795580000, 0x0000000798000000, 0x00000007c0000000)
  eden space 33280K, 100% used [0x0000000795580000,0x0000000797600000,0x0000000797600000)
  from space 5120K, 0% used [0x0000000797b00000,0x0000000797b00000,0x0000000798000000)
  to   space 5120K, 0% used [0x0000000797600000,0x0000000797600000,0x0000000797b00000)
 ParOldGen       total 87552K, used 0K [0x0000000740000000, 0x0000000745580000, 0x0000000795580000)
  object space 87552K, 0% used [0x0000000740000000,0x0000000740000000,0x0000000745580000)
 Metaspace       used 7385K, capacity 7594K, committed 7808K, reserved 1056768K
  class space    used 788K, capacity 883K, committed 896K, reserved 1048576K
Event: 1.210 GC heap after
Heap after GC invocations=1 (full 0):
 PSYoungGen      total 38400K, used 3370K [0x0000000795580000, 0x0000000798000000, 0x00000007c0000000)
  eden space 33280K, 0% used [0x0000000795580000,0x0000000795580000,0x0000000797600000)
  from space 5120K, 65% used [0x0000000797600000,0x000000079794aa50,0x0000000797b00000)
  to   space 5120K, 0% used [0x0000000797b00000,0x0000000797b00000,0x0000000798000000)
 ParOldGen       total 87552K, used 8K [0x0000000740000000, 0x0000000745580000, 0x0000000795580000)
  object space 87552K, 0% used [0x0000000740000000,0x0000000740002000,0x0000000745580000)
 Metaspace       used 7385K, capacity 7594K, committed 7808K, reserved 1056768K
  class space    used 788K, capacity 883K, committed 896K, reserved 1048576K
}
Event: 1.552 GC heap before
{Heap before GC invocations=2 (full 0):
 PSYoungGen      total 38400K, used 36650K [0x0000000795580000, 0x0000000798000000, 0x00000007c0000000)
  eden space 33280K, 100% used [0x0000000795580000,0x0000000797600000,0x0000000797600000)
  from space 5120K, 65% used [0x0000000797600000,0x000000079794aa50,0x0000000797b00000)
  to   space 5120K, 0% used [0x0000000797b00000,0x0000000797b00000,0x0000000798000000)
 ParOldGen       total 87552K, used 8K [0x0000000740000000, 0x0000000745580000, 0x0000000795580000)
  object space 87552K, 0% used [0x0000000740000000,0x0000000740002000,0x0000000745580000)
 Metaspace       used 7401K, capacity 7594K, committed 7808K, reserved 1056768K
  class space    used 789K, capacity 883K, committed 896K, reserved 1048576K
Event: 1.559 GC heap after
Heap after GC invocations=2 (full 0):
 PSYoungGen      total 38400K, used 4400K [0x0000000795580000, 0x000000079a080000, 0x00000007c0000000)
  eden space 33280K, 0% used [0x0000000795580000,0x0000000795580000,0x0000000797600000)
  from space 5120K, 85% used [0x0000000797b00000,0x0000000797f4c140,0x0000000798000000)
  to   space 5120K, 0% used [0x0000000797600000,0x0000000797600000,0x0000000797b00000)
 ParOldGen       total 87552K, used 16K [0x0000000740000000, 0x0000000745580000, 0x0000000795580000)
  object space 87552K, 0% used [0x0000000740000000,0x0000000740004000,0x0000000745580000)
 Metaspace       used 7401K, capacity 7594K, committed 7808K, reserved 1056768K
  class space    used 789K, capacity 883K, committed 896K, reserved 1048576K
}
Event: 1.958 GC heap before
{Heap before GC invocations=3 (full 0):
 PSYoungGen      total 38400K, used 37680K [0x0000000795580000, 0x000000079a080000, 0x00000007c0000000)
  eden space 33280K, 100% used [0x0000000795580000,0x0000000797600000,0x0000000797600000)
  from space 5120K, 85% used [0x0000000797b00000,0x0000000797f4c140,0x0000000798000000)
  to   space 5120K, 0% used [0x0000000797600000,0x0000000797600000,0x0000000797b00000)
 ParOldGen       total 87552K, used 16K [0x0000000740000000, 0x0000000745580000, 0x0000000795580000)
  object space 87552K, 0% used [0x0000000740000000,0x0000000740004000,0x0000000745580000)
 Metaspace       used 7824K, capacity 8036K, committed 8192K, reserved 1056768K
  class space    used 836K, capacity 922K, committed 1024K, reserved 1048576K
Event: 1.968 GC heap after
Heap after GC invocations=3 (full 0):
 PSYoungGen      total 38400K, used 5116K [0x0000000795580000, 0x000000079a080000, 0x00000007c0000000)
  eden space 33280K, 0% used [0x0000000795580000,0x0000000795580000,0x0000000797600000)
  from space 5120K, 99% used [0x0000000797600000,0x0000000797aff220,0x0000000797b00000)
  to   space 5120K, 0% used [0x0000000799b80000,0x0000000799b80000,0x000000079a080000)
 ParOldGen       total 87552K, used 1730K [0x0000000740000000, 0x0000000745580000, 0x0000000795580000)
  object space 87552K, 1% used [0x0000000740000000,0x00000007401b0960,0x0000000745580000)
 Metaspace       used 7824K, capacity 8036K, committed 8192K, reserved 1056768K
  class space    used 836K, capacity 922K, committed 1024K, reserved 1048576K
}
Event: 2.234 GC heap before
{Heap before GC invocations=4 (full 0):
 PSYoungGen      total 38400K, used 38396K [0x0000000795580000, 0x000000079a080000, 0x00000007c0000000)
  eden space 33280K, 100% used [0x0000000795580000,0x0000000797600000,0x0000000797600000)
  from space 5120K, 99% used [0x0000000797600000,0x0000000797aff220,0x0000000797b00000)
  to   space 5120K, 0% used [0x0000000799b80000,0x0000000799b80000,0x000000079a080000)
 ParOldGen       total 87552K, used 1730K [0x0000000740000000, 0x0000000745580000, 0x0000000795580000)
  object space 87552K, 1% used [0x0000000740000000,0x00000007401b0960,0x0000000745580000)
 Metaspace       used 7835K, capacity 8108K, committed 8448K, reserved 1056768K
  class space    used 836K, capacity 922K, committed 1024K, reserved 1048576K
Event: 2.240 GC heap after
Heap after GC invocations=4 (full 0):
 PSYoungGen      total 71680K, used 5116K [0x0000000795580000, 0x000000079a080000, 0x00000007c0000000)
  eden space 66560K, 0% used [0x0000000795580000,0x0000000795580000,0x0000000799680000)
  from space 5120K, 99% used [0x0000000799b80000,0x000000079a07f240,0x000000079a080000)
  to   space 5120K, 0% used [0x0000000799680000,0x0000000799680000,0x0000000799b80000)
 ParOldGen       total 87552K, used 1794K [0x0000000740000000, 0x0000000745580000, 0x0000000795580000)
  object space 87552K, 2% used [0x0000000740000000,0x00000007401c0960,0x0000000745580000)
 Metaspace       used 7835K, capacity 8108K, committed 8448K, reserved 1056768K
  class space    used 836K, capacity 922K, committed 1024K, reserved 1048576K
}
Event: 2.430 GC heap before
{Heap before GC invocations=5 (full 0):
 PSYoungGen      total 71680K, used 71676K [0x0000000795580000, 0x000000079a080000, 0x00000007c0000000)
  eden space 66560K, 100% used [0x0000000795580000,0x0000000799680000,0x0000000799680000)
  from space 5120K, 99% used [0x0000000799b80000,0x000000079a07f240,0x000000079a080000)
  to   space 5120K, 0% used [0x0000000799680000,0x0000000799680000,0x0000000799b80000)
 ParOldGen       total 87552K, used 1794K [0x0000000740000000, 0x0000000745580000, 0x0000000795580000)
  object space 87552K, 2% used [0x0000000740000000,0x00000007401c0960,0x0000000745580000)
 Metaspace       used 7930K, capacity 8108K, committed 8448K, reserved 1056768K
  class space    used 847K, capacity 922K, committed 1024K, reserved 1048576K
Event: 2.446 GC heap after
Heap after GC invocations=5 (full 0):
 PSYoungGen      total 71680K, used 5100K [0x0000000795580000, 0x000000079e580000, 0x00000007c0000000)
  eden space 66560K, 0% used [0x0000000795580000,0x0000000795580000,0x0000000799680000)
  from space 5120K, 99% used [0x0000000799680000,0x0000000799b7b230,0x0000000799b80000)
  to   space 7168K, 0% used [0x000000079de80000,0x000000079de80000,0x000000079e580000)
 ParOldGen       total 87552K, used 1887K [0x0000000740000000, 0x0000000745580000, 0x0000000795580000)
  object space 87552K, 2% used [0x0000000740000000,0x00000007401d7d38,0x0000000745580000)
 Metaspace       used 7930K, capacity 8108K, committed 8448K, reserved 1056768K
  class space    used 847K, capacity 922K, committed 1024K, reserved 1048576K
}

Deoptimization events (7 events):
Event: 0.555 Thread 0x00007fccb2803000 Uncommon trap: reason=unstable_if action=reinterpret pc=0x000000011731fd9c method=java.lang.String.indexOf([CII[CIII)I @ 134
Event: 0.637 Thread 0x00007fccb2803000 Uncommon trap: reason=unstable_if action=reinterpret pc=0x0000000117332b2c method=java.lang.String.replace(CC)Ljava/lang/String; @ 26
Event: 0.752 Thread 0x00007fccb2803000 Uncommon trap: reason=unstable_if action=reinterpret pc=0x000000011736cea8 method=java.lang.String.indexOf([CII[CIII)I @ 3
Event: 1.589 Thread 0x00007fccb2803000 Uncommon trap: reason=unstable_if action=reinterpret pc=0x000000011748c28c method=java.io.LineNumberReader.readLine()Ljava/lang/String; @ 22
Event: 1.589 Thread 0x00007fccb2803000 Uncommon trap: reason=unstable_if action=reinterpret pc=0x0000000117489868 method=java.lang.Boolean.valueOf(Z)Ljava/lang/Boolean; @ 1
Event: 1.593 Thread 0x00007fccb2803000 Uncommon trap: reason=unstable_if action=reinterpret pc=0x0000000117489eb8 method=java.util.HashMap$HashIterator.hasNext()Z @ 4
Event: 1.596 Thread 0x00007fccb2803000 Uncommon trap: reason=unstable_if action=reinterpret pc=0x000000011749141c method=java.util.HashMap$HashIterator.nextNode()Ljava/util/HashMap$Node; @ 74

Internal exceptions (10 events):
Event: 0.042 Thread 0x00007fccb2803000 Exception <a 'java/lang/NoSuchMethodError': Method sun.misc.Unsafe.defineClass(Ljava/lang/String;[BII)Ljava/lang/Class; name or signature does not match> (0x0000000795587cc0) thrown at [/Users/java_re/workspace/8-2-build-macosx-x86_64/jdk8u92/6642/hotspot
Event: 0.042 Thread 0x00007fccb2803000 Exception <a 'java/lang/NoSuchMethodError': Method sun.misc.Unsafe.prefetchRead(Ljava/lang/Object;J)V name or signature does not match> (0x0000000795587fa8) thrown at [/Users/java_re/workspace/8-2-build-macosx-x86_64/jdk8u92/6642/hotspot/src/share/vm/prim
Event: 0.381 Thread 0x00007fccb2803000 Exception <a 'java/lang/NoSuchFieldError': method resolution failed> (0x000000079589a4e8) thrown at [/Users/java_re/workspace/8-2-build-macosx-x86_64/jdk8u92/6642/hotspot/src/share/vm/prims/methodHandles.cpp, line 1146]
Event: 0.385 Thread 0x00007fccb2803000 Exception <a 'java/lang/NoSuchFieldError': method resolution failed> (0x00000007958a78e8) thrown at [/Users/java_re/workspace/8-2-build-macosx-x86_64/jdk8u92/6642/hotspot/src/share/vm/prims/methodHandles.cpp, line 1146]
Event: 0.482 Thread 0x00007fccb2803000 Exception <a 'java/security/PrivilegedActionException'> (0x0000000795989c10) thrown at [/Users/java_re/workspace/8-2-build-macosx-x86_64/jdk8u92/6642/hotspot/src/share/vm/prims/jvm.cpp, line 1386]
Event: 0.482 Thread 0x00007fccb2803000 Exception <a 'java/security/PrivilegedActionException'> (0x0000000795989e20) thrown at [/Users/java_re/workspace/8-2-build-macosx-x86_64/jdk8u92/6642/hotspot/src/share/vm/prims/jvm.cpp, line 1386]
Event: 0.488 Thread 0x00007fccb2803000 Exception <a 'java/security/PrivilegedActionException'> (0x000000079598d0c0) thrown at [/Users/java_re/workspace/8-2-build-macosx-x86_64/jdk8u92/6642/hotspot/src/share/vm/prims/jvm.cpp, line 1386]
Event: 0.488 Thread 0x00007fccb2803000 Exception <a 'java/security/PrivilegedActionException'> (0x000000079598d2d0) thrown at [/Users/java_re/workspace/8-2-build-macosx-x86_64/jdk8u92/6642/hotspot/src/share/vm/prims/jvm.cpp, line 1386]
Event: 0.727 Thread 0x00007fccb2803000 Exception <a 'java/lang/NoSuchMethodError': java.lang.Object.lambda$comparingByValue$1065357e$1(Ljava/util/Map$Entry;Ljava/util/Map$Entry;)I> (0x0000000795d36c58) thrown at [/Users/java_re/workspace/8-2-build-macosx-x86_64/jdk8u92/6642/hotspot/src/share/v
Event: 0.835 Thread 0x00007fccb2803000 Exception <a 'java/lang/IncompatibleClassChangeError': Found class java.lang.Object, but interface was expected> (0x0000000796277b58) thrown at [/Users/java_re/workspace/8-2-build-macosx-x86_64/jdk8u92/6642/hotspot/src/share/vm/interpreter/linkResolver.cp

Events (10 events):
Event: 2655.690 Executing VM operation: GetOrSetLocal
Event: 2655.690 Executing VM operation: GetOrSetLocal done
Event: 2688.191 Executing VM operation: RedefineClasses
Event: 2688.201 Executing VM operation: RedefineClasses done
Event: 2688.202 Executing VM operation: GetOrSetLocal
Event: 2688.202 Executing VM operation: GetOrSetLocal done
Event: 2688.244 Executing VM operation: GetOrSetLocal
Event: 2688.244 Executing VM operation: GetOrSetLocal done
Event: 2688.245 Executing VM operation: GetOrSetLocal
Event: 2688.245 Executing VM operation: GetOrSetLocal done


Dynamic libraries:
0x0000000022ee1000 	/System/Library/Frameworks/Cocoa.framework/Versions/A/Cocoa
0x0000000022ee1000 	/System/Library/Frameworks/Security.framework/Versions/A/Security
0x0000000022ee1000 	/System/Library/Frameworks/ApplicationServices.framework/Versions/A/ApplicationServices
0x0000000022ee1000 	/usr/lib/libz.1.dylib
0x0000000022ee1000 	/usr/lib/libSystem.B.dylib
0x0000000022ee1000 	/usr/lib/libobjc.A.dylib
0x0000000022ee1000 	/System/Library/Frameworks/CoreFoundation.framework/Versions/A/CoreFoundation
0x0000000022ee1000 	/System/Library/Frameworks/Foundation.framework/Versions/C/Foundation
0x0000000022ee1000 	/System/Library/Frameworks/AppKit.framework/Versions/C/AppKit
0x0000000022ee1000 	/System/Library/Frameworks/CoreData.framework/Versions/A/CoreData
0x0000000022ee1000 	/System/Library/PrivateFrameworks/RemoteViewServices.framework/Versions/A/RemoteViewServices
0x0000000022ee1000 	/System/Library/PrivateFrameworks/UIFoundation.framework/Versions/A/UIFoundation
0x0000000022ee1000 	/usr/lib/libenergytrace.dylib
0x0000000022ee1000 	/System/Library/PrivateFrameworks/SkyLight.framework/Versions/A/SkyLight
0x0000000022ee1000 	/System/Library/Frameworks/CoreGraphics.framework/Versions/A/CoreGraphics
0x0000000022ee1000 	/usr/lib/libScreenReader.dylib
0x0000000022ee1000 	/System/Library/Frameworks/Accelerate.framework/Versions/A/Accelerate
0x0000000022ee1000 	/System/Library/Frameworks/IOSurface.framework/Versions/A/IOSurface
0x0000000022ee1000 	/System/Library/Frameworks/AudioToolbox.framework/Versions/A/AudioToolbox
0x0000000022ee1000 	/System/Library/Frameworks/AudioUnit.framework/Versions/A/AudioUnit
0x0000000022ee1000 	/System/Library/PrivateFrameworks/DataDetectorsCore.framework/Versions/A/DataDetectorsCore
0x0000000022ee1000 	/System/Library/PrivateFrameworks/DesktopServicesPriv.framework/Versions/A/DesktopServicesPriv
0x0000000022ee1000 	/System/Library/Frameworks/Carbon.framework/Versions/A/Frameworks/HIToolbox.framework/Versions/A/HIToolbox
0x0000000022ee1000 	/usr/lib/libicucore.A.dylib
0x0000000022ee1000 	/System/Library/Frameworks/QuartzCore.framework/Versions/A/QuartzCore
0x0000000022ee1000 	/System/Library/Frameworks/Carbon.framework/Versions/A/Frameworks/SpeechRecognition.framework/Versions/A/SpeechRecognition
0x0000000022ee1000 	/usr/lib/libauto.dylib
0x0000000022ee1000 	/usr/lib/libxml2.2.dylib
0x0000000022ee1000 	/System/Library/PrivateFrameworks/CoreUI.framework/Versions/A/CoreUI
0x0000000022ee1000 	/System/Library/Frameworks/CoreAudio.framework/Versions/A/CoreAudio
0x0000000022ee1000 	/System/Library/Frameworks/DiskArbitration.framework/Versions/A/DiskArbitration
0x0000000022ee1000 	/usr/lib/liblangid.dylib
0x0000000022ee1000 	/System/Library/PrivateFrameworks/MultitouchSupport.framework/Versions/A/MultitouchSupport
0x0000000022ee1000 	/System/Library/Frameworks/IOKit.framework/Versions/A/IOKit
0x0000000022ee1000 	/usr/lib/libDiagnosticMessagesClient.dylib
0x0000000022ee1000 	/System/Library/Frameworks/CoreServices.framework/Versions/A/CoreServices
0x0000000022ee1000 	/System/Library/PrivateFrameworks/PerformanceAnalysis.framework/Versions/A/PerformanceAnalysis
0x0000000022ee1000 	/System/Library/PrivateFrameworks/GenerationalStorage.framework/Versions/A/GenerationalStorage
0x0000000022ee1000 	/System/Library/Frameworks/OpenGL.framework/Versions/A/OpenGL
0x0000000022ee1000 	/System/Library/Frameworks/CoreImage.framework/Versions/A/CoreImage
0x0000000022ee1000 	/System/Library/Frameworks/CoreText.framework/Versions/A/CoreText
0x0000000022ee1000 	/System/Library/Frameworks/ImageIO.framework/Versions/A/ImageIO
0x0000000022ee1000 	/System/Library/PrivateFrameworks/Backup.framework/Versions/A/Backup
0x0000000022ee1000 	/usr/lib/libarchive.2.dylib
0x0000000022ee1000 	/System/Library/Frameworks/CFNetwork.framework/Versions/A/CFNetwork
0x0000000022ee1000 	/System/Library/Frameworks/SystemConfiguration.framework/Versions/A/SystemConfiguration
0x0000000022ee1000 	/usr/lib/libCRFSuite.dylib
0x0000000022ee1000 	/usr/lib/libc++.1.dylib
0x0000000022ee1000 	/usr/lib/libc++abi.dylib
0x0000000022ee1000 	/usr/lib/system/libcache.dylib
0x0000000022ee1000 	/usr/lib/system/libcommonCrypto.dylib
0x0000000022ee1000 	/usr/lib/system/libcompiler_rt.dylib
0x0000000022ee1000 	/usr/lib/system/libcopyfile.dylib
0x0000000022ee1000 	/usr/lib/system/libcorecrypto.dylib
0x0000000022ee1000 	/usr/lib/system/libdispatch.dylib
0x0000000022ee1000 	/usr/lib/system/libdyld.dylib
0x0000000022ee1000 	/usr/lib/system/libkeymgr.dylib
0x0000000022ee1000 	/usr/lib/system/liblaunch.dylib
0x0000000022ee1000 	/usr/lib/system/libmacho.dylib
0x0000000022ee1000 	/usr/lib/system/libquarantine.dylib
0x0000000022ee1000 	/usr/lib/system/libremovefile.dylib
0x0000000022ee1000 	/usr/lib/system/libsystem_asl.dylib
0x0000000022ee1000 	/usr/lib/system/libsystem_blocks.dylib
0x0000000022ee1000 	/usr/lib/system/libsystem_c.dylib
0x0000000022ee1000 	/usr/lib/system/libsystem_configuration.dylib
0x0000000022ee1000 	/usr/lib/system/libsystem_coreservices.dylib
0x0000000022ee1000 	/usr/lib/system/libsystem_coretls.dylib
0x0000000022ee1000 	/usr/lib/system/libsystem_dnssd.dylib
0x0000000022ee1000 	/usr/lib/system/libsystem_info.dylib
0x0000000022ee1000 	/usr/lib/system/libsystem_kernel.dylib
0x0000000022ee1000 	/usr/lib/system/libsystem_m.dylib
0x0000000022ee1000 	/usr/lib/system/libsystem_malloc.dylib
0x0000000022ee1000 	/usr/lib/system/libsystem_network.dylib
0x0000000022ee1000 	/usr/lib/system/libsystem_networkextension.dylib
0x0000000022ee1000 	/usr/lib/system/libsystem_notify.dylib
0x0000000022ee1000 	/usr/lib/system/libsystem_platform.dylib
0x0000000022ee1000 	/usr/lib/system/libsystem_pthread.dylib
0x0000000022ee1000 	/usr/lib/system/libsystem_sandbox.dylib
0x0000000022ee1000 	/usr/lib/system/libsystem_secinit.dylib
0x0000000022ee1000 	/usr/lib/system/libsystem_symptoms.dylib
0x0000000022ee1000 	/usr/lib/system/libsystem_trace.dylib
0x0000000022ee1000 	/usr/lib/system/libunwind.dylib
0x0000000022ee1000 	/usr/lib/system/libxpc.dylib
0x0000000022ee1000 	/usr/lib/libbsm.0.dylib
0x0000000022ee1000 	/usr/lib/system/libkxld.dylib
0x0000000022ee1000 	/usr/lib/libcoretls.dylib
0x0000000022ee1000 	/usr/lib/libcoretls_cfhelpers.dylib
0x0000000022ee1000 	/usr/lib/libxar.1.dylib
0x0000000022ee1000 	/usr/lib/libsqlite3.dylib
0x0000000022ee1000 	/usr/lib/libpam.2.dylib
0x0000000022ee1000 	/usr/lib/libOpenScriptingUtil.dylib
0x0000000022ee1000 	/usr/lib/libbz2.1.0.dylib
0x0000000022ee1000 	/usr/lib/liblzma.5.dylib
0x0000000022ee1000 	/usr/lib/libnetwork.dylib
0x0000000022ee1000 	/usr/lib/libpcap.A.dylib
0x0000000022ee1000 	/System/Library/Frameworks/CoreServices.framework/Versions/A/Frameworks/FSEvents.framework/Versions/A/FSEvents
0x0000000022ee1000 	/System/Library/Frameworks/CoreServices.framework/Versions/A/Frameworks/CarbonCore.framework/Versions/A/CarbonCore
0x0000000022ee1000 	/System/Library/Frameworks/CoreServices.framework/Versions/A/Frameworks/Metadata.framework/Versions/A/Metadata
0x0000000022ee1000 	/System/Library/Frameworks/CoreServices.framework/Versions/A/Frameworks/OSServices.framework/Versions/A/OSServices
0x0000000022ee1000 	/System/Library/Frameworks/CoreServices.framework/Versions/A/Frameworks/SearchKit.framework/Versions/A/SearchKit
0x0000000022ee1000 	/System/Library/Frameworks/CoreServices.framework/Versions/A/Frameworks/AE.framework/Versions/A/AE
0x0000000022ee1000 	/System/Library/Frameworks/CoreServices.framework/Versions/A/Frameworks/LaunchServices.framework/Versions/A/LaunchServices
0x0000000022ee1000 	/System/Library/Frameworks/CoreServices.framework/Versions/A/Frameworks/DictionaryServices.framework/Versions/A/DictionaryServices
0x0000000022ee1000 	/System/Library/Frameworks/CoreServices.framework/Versions/A/Frameworks/SharedFileList.framework/Versions/A/SharedFileList
0x0000000022ee1000 	/System/Library/Frameworks/NetFS.framework/Versions/A/NetFS
0x0000000022ee1000 	/System/Library/PrivateFrameworks/NetAuth.framework/Versions/A/NetAuth
0x0000000022ee1000 	/System/Library/PrivateFrameworks/login.framework/Versions/A/Frameworks/loginsupport.framework/Versions/A/loginsupport
0x0000000022ee1000 	/System/Library/PrivateFrameworks/TCC.framework/Versions/A/TCC
0x0000000022ee1000 	/usr/lib/libmecabra.dylib
0x0000000022ee1000 	/System/Library/Frameworks/ApplicationServices.framework/Versions/A/Frameworks/ATS.framework/Versions/A/ATS
0x0000000022ee1000 	/System/Library/Frameworks/ApplicationServices.framework/Versions/A/Frameworks/ColorSync.framework/Versions/A/ColorSync
0x0000000022ee1000 	/System/Library/Frameworks/ApplicationServices.framework/Versions/A/Frameworks/HIServices.framework/Versions/A/HIServices
0x0000000022ee1000 	/System/Library/Frameworks/ApplicationServices.framework/Versions/A/Frameworks/LangAnalysis.framework/Versions/A/LangAnalysis
0x0000000022ee1000 	/System/Library/Frameworks/ApplicationServices.framework/Versions/A/Frameworks/PrintCore.framework/Versions/A/PrintCore
0x0000000022ee1000 	/System/Library/Frameworks/ApplicationServices.framework/Versions/A/Frameworks/QD.framework/Versions/A/QD
0x0000000022ee1000 	/System/Library/Frameworks/ApplicationServices.framework/Versions/A/Frameworks/SpeechSynthesis.framework/Versions/A/SpeechSynthesis
0x0000000022ee1000 	/System/Library/Frameworks/Accelerate.framework/Versions/A/Frameworks/vImage.framework/Versions/A/vImage
0x0000000022ee1000 	/System/Library/Frameworks/Accelerate.framework/Versions/A/Frameworks/vecLib.framework/Versions/A/vecLib
0x0000000022ee1000 	/System/Library/Frameworks/Accelerate.framework/Versions/A/Frameworks/vecLib.framework/Versions/A/libvDSP.dylib
0x0000000022ee1000 	/System/Library/Frameworks/Accelerate.framework/Versions/A/Frameworks/vecLib.framework/Versions/A/libBNNS.dylib
0x0000000022ee1000 	/System/Library/Frameworks/Accelerate.framework/Versions/A/Frameworks/vecLib.framework/Versions/A/libQuadrature.dylib
0x0000000022ee1000 	/System/Library/Frameworks/Accelerate.framework/Versions/A/Frameworks/vecLib.framework/Versions/A/libvMisc.dylib
0x0000000022ee1000 	/System/Library/Frameworks/Accelerate.framework/Versions/A/Frameworks/vecLib.framework/Versions/A/libLAPACK.dylib
0x0000000022ee1000 	/System/Library/Frameworks/Accelerate.framework/Versions/A/Frameworks/vecLib.framework/Versions/A/libBLAS.dylib
0x0000000022ee1000 	/System/Library/Frameworks/Accelerate.framework/Versions/A/Frameworks/vecLib.framework/Versions/A/libLinearAlgebra.dylib
0x0000000022ee1000 	/System/Library/Frameworks/Accelerate.framework/Versions/A/Frameworks/vecLib.framework/Versions/A/libSparseBLAS.dylib
0x0000000022ee1000 	/System/Library/Frameworks/ApplicationServices.framework/Versions/A/Frameworks/ATS.framework/Versions/A/Resources/libFontParser.dylib
0x0000000022ee1000 	/System/Library/Frameworks/ApplicationServices.framework/Versions/A/Frameworks/ATS.framework/Versions/A/Resources/libFontRegistry.dylib
0x0000000022ee1000 	/System/Library/Frameworks/ImageIO.framework/Versions/A/Resources/libJPEG.dylib
0x0000000022ee1000 	/System/Library/Frameworks/ImageIO.framework/Versions/A/Resources/libTIFF.dylib
0x0000000022ee1000 	/System/Library/Frameworks/ImageIO.framework/Versions/A/Resources/libPng.dylib
0x0000000022ee1000 	/System/Library/Frameworks/ImageIO.framework/Versions/A/Resources/libGIF.dylib
0x0000000022ee1000 	/System/Library/Frameworks/ImageIO.framework/Versions/A/Resources/libJP2.dylib
0x0000000022ee1000 	/System/Library/Frameworks/ImageIO.framework/Versions/A/Resources/libRadiance.dylib
0x0000000022ee1000 	/usr/lib/libcompression.dylib
0x0000000022ee1000 	/System/Library/PrivateFrameworks/AppleJPEG.framework/Versions/A/AppleJPEG
0x0000000022ee1000 	/usr/lib/libcups.2.dylib
0x0000000022ee1000 	/System/Library/Frameworks/Kerberos.framework/Versions/A/Kerberos
0x0000000022ee1000 	/System/Library/Frameworks/GSS.framework/Versions/A/GSS
0x0000000022ee1000 	/usr/lib/libresolv.9.dylib
0x0000000022ee1000 	/usr/lib/libiconv.2.dylib
0x0000000022ee1000 	/System/Library/PrivateFrameworks/Heimdal.framework/Versions/A/Heimdal
0x0000000022ee1000 	/usr/lib/libheimdal-asn1.dylib
0x0000000022ee1000 	/System/Library/Frameworks/OpenDirectory.framework/Versions/A/OpenDirectory
0x0000000022ee1000 	/System/Library/PrivateFrameworks/CommonAuth.framework/Versions/A/CommonAuth
0x0000000022ee1000 	/System/Library/Frameworks/OpenDirectory.framework/Versions/A/Frameworks/CFOpenDirectory.framework/Versions/A/CFOpenDirectory
0x0000000022ee1000 	/System/Library/Frameworks/SecurityFoundation.framework/Versions/A/SecurityFoundation
0x0000000022ee1000 	/System/Library/PrivateFrameworks/LanguageModeling.framework/Versions/A/LanguageModeling
0x0000000022ee1000 	/usr/lib/libmarisa.dylib
0x0000000022ee1000 	/usr/lib/libChineseTokenizer.dylib
0x0000000022ee1000 	/usr/lib/libcmph.dylib
0x0000000022ee1000 	/System/Library/PrivateFrameworks/CoreEmoji.framework/Versions/A/CoreEmoji
0x0000000022ee1000 	/System/Library/Frameworks/ServiceManagement.framework/Versions/A/ServiceManagement
0x0000000022ee1000 	/usr/lib/libxslt.1.dylib
0x0000000022ee1000 	/System/Library/Frameworks/Carbon.framework/Versions/A/Frameworks/Ink.framework/Versions/A/Ink
0x0000000022ee1000 	/System/Library/PrivateFrameworks/TextureIO.framework/Versions/A/TextureIO
0x0000000022ee1000 	/System/Library/Frameworks/Metal.framework/Versions/A/Metal
0x0000000022ee1000 	/usr/lib/libate.dylib
0x0000000022ee1000 	/System/Library/PrivateFrameworks/GPUCompiler.framework/libmetal_timestamp.dylib
0x0000000022ee1000 	/System/Library/Frameworks/OpenGL.framework/Versions/A/Libraries/libCoreFSCache.dylib
0x0000000022ee1000 	/System/Library/PrivateFrameworks/IOAccelerator.framework/Versions/A/IOAccelerator
0x0000000022ee1000 	/System/Library/Frameworks/CoreVideo.framework/Versions/A/CoreVideo
0x0000000022ee1000 	/usr/lib/libFosl_dynamic.dylib
0x0000000022ee1000 	/System/Library/PrivateFrameworks/MetalPerformanceShaders.framework/Versions/A/MetalPerformanceShaders
0x0000000022ee1000 	/System/Library/PrivateFrameworks/FaceCore.framework/Versions/A/FaceCore
0x0000000022ee1000 	/System/Library/Frameworks/OpenCL.framework/Versions/A/OpenCL
0x0000000022ee1000 	/System/Library/Frameworks/OpenGL.framework/Versions/A/Libraries/libGLU.dylib
0x0000000022ee1000 	/System/Library/Frameworks/OpenGL.framework/Versions/A/Libraries/libGFXShared.dylib
0x0000000022ee1000 	/System/Library/Frameworks/OpenGL.framework/Versions/A/Libraries/libGL.dylib
0x0000000022ee1000 	/System/Library/Frameworks/OpenGL.framework/Versions/A/Libraries/libGLImage.dylib
0x0000000022ee1000 	/System/Library/Frameworks/OpenGL.framework/Versions/A/Libraries/libCVMSPluginSupport.dylib
0x0000000022ee1000 	/System/Library/Frameworks/OpenGL.framework/Versions/A/Libraries/libCoreVMClient.dylib
0x0000000022ee1000 	/System/Library/PrivateFrameworks/CrashReporterSupport.framework/Versions/A/CrashReporterSupport
0x0000000022ee1000 	/System/Library/PrivateFrameworks/Sharing.framework/Versions/A/Sharing
0x0000000022ee1000 	/System/Library/PrivateFrameworks/IconServices.framework/Versions/A/IconServices
0x0000000022ee1000 	/System/Library/PrivateFrameworks/ProtocolBuffer.framework/Versions/A/ProtocolBuffer
0x0000000022ee1000 	/System/Library/PrivateFrameworks/Apple80211.framework/Versions/A/Apple80211
0x0000000022ee1000 	/System/Library/Frameworks/CoreWLAN.framework/Versions/A/CoreWLAN
0x0000000022ee1000 	/System/Library/PrivateFrameworks/CoreUtils.framework/Versions/A/CoreUtils
0x0000000022ee1000 	/System/Library/Frameworks/IOBluetooth.framework/Versions/A/IOBluetooth
0x0000000022ee1000 	/System/Library/PrivateFrameworks/CoreWiFi.framework/Versions/A/CoreWiFi
0x0000000022ee1000 	/System/Library/Frameworks/CoreBluetooth.framework/Versions/A/CoreBluetooth
0x0000000022ee1000 	/System/Library/Frameworks/CoreDisplay.framework/Versions/A/CoreDisplay
0x0000000022ee1000 	/System/Library/PrivateFrameworks/IOPresentment.framework/Versions/A/IOPresentment
0x0000000022ee1000 	/System/Library/PrivateFrameworks/DebugSymbols.framework/Versions/A/DebugSymbols
0x0000000022ee1000 	/System/Library/PrivateFrameworks/CoreSymbolication.framework/Versions/A/CoreSymbolication
0x0000000022ee1000 	/System/Library/PrivateFrameworks/Symbolication.framework/Versions/A/Symbolication
0x0000000022ee1000 	/System/Library/PrivateFrameworks/AppleFSCompression.framework/Versions/A/AppleFSCompression
0x0000000022ee1000 	/System/Library/PrivateFrameworks/SpeechRecognitionCore.framework/Versions/A/SpeechRecognitionCore
0x0000000022ee1000 	/System/Library/PrivateFrameworks/ChunkingLibrary.framework/Versions/A/ChunkingLibrary
0x000000010ae00000 	/Library/Java/JavaVirtualMachines/jdk1.8.0_92.jdk/Contents/Home/jre/lib/server/libjvm.dylib
0x0000000022ee1000 	/usr/lib/libstdc++.6.dylib
0x000000010a4d5000 	/Library/Java/JavaVirtualMachines/jdk1.8.0_92.jdk/Contents/Home/jre/lib/libverify.dylib
0x000000010a4e3000 	/Library/Java/JavaVirtualMachines/jdk1.8.0_92.jdk/Contents/Home/jre/lib/libjava.dylib
0x000000010a519000 	/Library/Java/JavaVirtualMachines/jdk1.8.0_92.jdk/Contents/Home/jre/lib/libjdwp.dylib
0x000000010a564000 	/Library/Java/JavaVirtualMachines/jdk1.8.0_92.jdk/Contents/Home/jre/lib/libnpt.dylib
0x000000010a571000 	/Library/Java/JavaVirtualMachines/jdk1.8.0_92.jdk/Contents/Home/jre/lib/libzip.dylib
0x0000000112689000 	/System/Library/Frameworks/JavaVM.framework/Frameworks/JavaRuntimeSupport.framework/JavaRuntimeSupport
0x000000010a5eb000 	/System/Library/Frameworks/JavaVM.framework/Versions/A/Frameworks/JavaNativeFoundation.framework/Versions/A/JavaNativeFoundation
0x00000001126a3000 	/System/Library/Frameworks/JavaVM.framework/Versions/A/JavaVM
0x0000000022ee1000 	/System/Library/Frameworks/Carbon.framework/Versions/A/Carbon
0x00000001126b0000 	/System/Library/PrivateFrameworks/JavaLaunching.framework/Versions/A/JavaLaunching
0x0000000022ee1000 	/System/Library/Frameworks/Carbon.framework/Versions/A/Frameworks/CommonPanels.framework/Versions/A/CommonPanels
0x0000000022ee1000 	/System/Library/Frameworks/Carbon.framework/Versions/A/Frameworks/Help.framework/Versions/A/Help
0x0000000022ee1000 	/System/Library/Frameworks/Carbon.framework/Versions/A/Frameworks/ImageCapture.framework/Versions/A/ImageCapture
0x0000000022ee1000 	/System/Library/Frameworks/Carbon.framework/Versions/A/Frameworks/OpenScripting.framework/Versions/A/OpenScripting
0x0000000022ee1000 	/System/Library/Frameworks/Carbon.framework/Versions/A/Frameworks/Print.framework/Versions/A/Print
0x0000000022ee1000 	/System/Library/Frameworks/Carbon.framework/Versions/A/Frameworks/SecurityHI.framework/Versions/A/SecurityHI
0x0000000113fba000 	/Library/Java/JavaVirtualMachines/jdk1.8.0_92.jdk/Contents/Home/jre/lib/libdt_socket.dylib
0x00000001142ce000 	/Library/Java/JavaVirtualMachines/jdk1.8.0_92.jdk/Contents/Home/jre/lib/libmanagement.dylib

VM Arguments:
jvm_args: -agentlib:jdwp=transport=dt_socket,address=127.0.0.1:63034,suspend=y,server=n -Dfile.encoding=UTF-8 
java_command: org.mp.naumann.BenchmarksApplication
java_class_path (initial): /Library/Java/JavaVirtualMachines/jdk1.8.0_92.jdk/Contents/Home/jre/lib/charsets.jar:/Library/Java/JavaVirtualMachines/jdk1.8.0_92.jdk/Contents/Home/jre/lib/deploy.jar:/Library/Java/JavaVirtualMachines/jdk1.8.0_92.jdk/Contents/Home/jre/lib/ext/cldrdata.jar:/Library/Java/JavaVirtualMachines/jdk1.8.0_92.jdk/Contents/Home/jre/lib/ext/dnsns.jar:/Library/Java/JavaVirtualMachines/jdk1.8.0_92.jdk/Contents/Home/jre/lib/ext/jaccess.jar:/Library/Java/JavaVirtualMachines/jdk1.8.0_92.jdk/Contents/Home/jre/lib/ext/jfxrt.jar:/Library/Java/JavaVirtualMachines/jdk1.8.0_92.jdk/Contents/Home/jre/lib/ext/localedata.jar:/Library/Java/JavaVirtualMachines/jdk1.8.0_92.jdk/Contents/Home/jre/lib/ext/nashorn.jar:/Library/Java/JavaVirtualMachines/jdk1.8.0_92.jdk/Contents/Home/jre/lib/ext/sunec.jar:/Library/Java/JavaVirtualMachines/jdk1.8.0_92.jdk/Contents/Home/jre/lib/ext/sunjce_provider.jar:/Library/Java/JavaVirtualMachines/jdk1.8.0_92.jdk/Contents/Home/jre/lib/ext/sunpkcs11.jar:/Library/Java/JavaVirtualMachines/jdk1.8.0_92.jdk/Contents/Home/jre/lib/ext/zipfs.jar:/Library/Java/JavaVirtualMachines/jdk1.8.0_92.jdk/Contents/Home/jre/lib/javaws.jar:/Library/Java/JavaVirtualMachines/jdk1.8.0_92.jdk/Contents/Home/jre/lib/jce.jar:/Library/Java/JavaVirtualMachines/jdk1.8.0_92.jdk/Contents/Home/jre/lib/jfr.jar:/Library/Java/JavaVirtualMachines/jdk1.8.0_92.jdk/Contents/Home/jre/lib/jfxswt.jar:/Library/Java/JavaVirtualMachines/jdk1.8.0_92.jdk/Contents/Home/jre/lib/jsse.jar:/Library/Java/JavaVirtualMachines/jdk1.8.0_92.jdk/Contents/Home/jre/lib/management-agent.jar:/Library/Java/JavaVirtualMachines/jdk1.8.0_92.jdk/Contents/Home/jre/lib/plugin.jar:/Library/Java/JavaVirtualMachines/jdk1.8.0_92.jdk/Contents/Home/jre/lib/resources.jar:/Library/Java/JavaVirtualMachines/jdk1.8.0_92.jdk/Contents/Home/jre/lib/rt.jar:/Library/Java/JavaVirtualMachines/jdk1.8.0_92.jdk/Contents/Home/lib/ant-javafx.jar:/Library/Java/JavaVirtualMachines/jdk1.8.0_92.jdk/Contents/Home/lib/dt.jar:/Library/Ja
Launcher Type: SUN_STANDARD

Environment Variables:
PATH=/usr/local/sbin:/usr/local/sbin:/usr/local/bin:/usr/bin:/bin:/usr/sbin:/sbin:/opt/X11/bin:/Library/TeX/texbin
SHELL=/bin/zsh
DISPLAY=/private/tmp/com.apple.launchd.D0JeKZ81rd/org.macosforge.xquartz:0

Signal Handlers:
SIGSEGV: [libjvm.dylib+0x5aa779], sa_mask[0]=11111111011111110111111111111111, sa_flags=SA_ONSTACK|SA_RESTART|SA_SIGINFO
SIGBUS: [libjvm.dylib+0x5aa779], sa_mask[0]=11111111011111110111111111111111, sa_flags=SA_RESTART|SA_SIGINFO
SIGFPE: [libjvm.dylib+0x4831d0], sa_mask[0]=11111111011111110111111111111111, sa_flags=SA_RESTART|SA_SIGINFO
SIGPIPE: [libjvm.dylib+0x4831d0], sa_mask[0]=11111111011111110111111111111111, sa_flags=SA_RESTART|SA_SIGINFO
SIGXFSZ: [libjvm.dylib+0x4831d0], sa_mask[0]=11111111011111110111111111111111, sa_flags=SA_RESTART|SA_SIGINFO
SIGILL: [libjvm.dylib+0x4831d0], sa_mask[0]=11111111011111110111111111111111, sa_flags=SA_RESTART|SA_SIGINFO
SIGUSR1: SIG_DFL, sa_mask[0]=00000000000000000000000000000000, sa_flags=none
SIGUSR2: [libjvm.dylib+0x482cee], sa_mask[0]=00100000000000000000000000000000, sa_flags=SA_RESTART|SA_SIGINFO
SIGHUP: [libjvm.dylib+0x4812c5], sa_mask[0]=11111111011111110111111111111111, sa_flags=SA_RESTART|SA_SIGINFO
SIGINT: [libjvm.dylib+0x4812c5], sa_mask[0]=11111111011111110111111111111111, sa_flags=SA_RESTART|SA_SIGINFO
SIGTERM: [libjvm.dylib+0x4812c5], sa_mask[0]=11111111011111110111111111111111, sa_flags=SA_RESTART|SA_SIGINFO
SIGQUIT: [libjvm.dylib+0x4812c5], sa_mask[0]=11111111011111110111111111111111, sa_flags=SA_RESTART|SA_SIGINFO


---------------  S Y S T E M  ---------------

OS:Bsduname:Darwin 16.1.0 Darwin Kernel Version 16.1.0: Thu Oct 13 21:26:57 PDT 2016; root:xnu-3789.21.3~60/RELEASE_X86_64 x86_64
rlimit: STACK 8192k, CORE 0k, NPROC 709, NOFILE 10240, AS infinity
load average:4.78 6.62 6.54

CPU:total 4 (2 cores per cpu, 2 threads per core) family 6 model 61 stepping 4, cmov, cx8, fxsr, mmx, sse, sse2, sse3, ssse3, sse4.1, sse4.2, popcnt, avx, avx2, aes, clmul, erms, 3dnowpref, lzcnt, ht, tsc, tscinvbit, bmi1, bmi2, adx

Memory: 4k page, physical 8388608k(727556k free)

/proc/meminfo:


vm_info: Java HotSpot(TM) 64-Bit Server VM (25.92-b14) for bsd-amd64 JRE (1.8.0_92-b14), built on Mar 31 2016 21:23:14 by "java_re" with gcc 4.2.1 (Based on Apple Inc. build 5658) (LLVM build 2336.11.00)

time: Thu Dec  1 15:17:28 2016
elapsed time: 2688 seconds (0d 0h 44m 48s)

